Using pre-set license
Built from '2021.2/staging' branch; Version is '2021.2.10f1 (ee872746220e) revision 15632167'; Using compiler version '192829333'; Build Type 'Release'
OS: 'Windows 10  (10.0.19041) 64bit Professional' Language: 'en' Physical Memory: 16332 MB
BatchMode: 1, IsHumanControllingUs: 0, StartBugReporterOnCrash: 0, Is64bit: 1, IsPro: 0

COMMAND LINE ARGUMENTS:
C:\Program Files\Unity\Hub\Editor\2021.2.10f1\Editor\Unity.exe
-adb2
-batchMode
-noUpm
-name
AssetImportWorker12
-projectPath
I:/Ela/GAMES/FPS Escape R7
-logFile
Logs/AssetImportWorker12.log
-srvPort
54975
Successfully changed project path to: I:/Ela/GAMES/FPS Escape R7
I:/Ela/GAMES/FPS Escape R7
[UnityMemory] Configuration Parameters - Can be set up in boot.config
    "memorysetup-bucket-allocator-granularity=16"
    "memorysetup-bucket-allocator-bucket-count=8"
    "memorysetup-bucket-allocator-block-size=33554432"
    "memorysetup-bucket-allocator-block-count=8"
    "memorysetup-main-allocator-block-size=16777216"
    "memorysetup-thread-allocator-block-size=16777216"
    "memorysetup-gfx-main-allocator-block-size=16777216"
    "memorysetup-gfx-thread-allocator-block-size=16777216"
    "memorysetup-cache-allocator-block-size=4194304"
    "memorysetup-typetree-allocator-block-size=2097152"
    "memorysetup-profiler-bucket-allocator-granularity=16"
    "memorysetup-profiler-bucket-allocator-bucket-count=8"
    "memorysetup-profiler-bucket-allocator-block-size=33554432"
    "memorysetup-profiler-bucket-allocator-block-count=8"
    "memorysetup-profiler-allocator-block-size=16777216"
    "memorysetup-profiler-editor-allocator-block-size=1048576"
    "memorysetup-temp-allocator-size-main=16777216"
    "memorysetup-job-temp-allocator-block-size=2097152"
    "memorysetup-job-temp-allocator-block-size-background=1048576"
    "memorysetup-job-temp-allocator-reduction-small-platforms=262144"
    "memorysetup-temp-allocator-size-background-worker=32768"
    "memorysetup-temp-allocator-size-job-worker=262144"
    "memorysetup-temp-allocator-size-preload-manager=33554432"
    "memorysetup-temp-allocator-size-nav-mesh-worker=65536"
    "memorysetup-temp-allocator-size-audio-worker=65536"
    "memorysetup-temp-allocator-size-cloud-worker=32768"
    "memorysetup-temp-allocator-size-gi-baking-worker=262144"
    "memorysetup-temp-allocator-size-gfx=262144"
Refreshing native plugins compatible for Editor in 105.79 ms, found 3 plugins.
Preloading 0 native plugins for Editor in 0.00 ms.
Initialize engine version: 2021.2.10f1 (ee872746220e)
[Subsystems] Discovering subsystems at path C:/Program Files/Unity/Hub/Editor/2021.2.10f1/Editor/Data/Resources/UnitySubsystems
[Subsystems] Discovering subsystems at path I:/Ela/GAMES/FPS Escape R7/Assets
GfxDevice: creating device client; threaded=0; jobified=0
Direct3D:
    Version:  Direct3D 11.0 [level 11.1]
    Renderer: NVIDIA GeForce GTX 980 (ID=0x13c0)
    Vendor:   NVIDIA
    VRAM:     4053 MB
    Driver:   30.0.14.7168
Initialize mono
Mono path[0] = 'C:/Program Files/Unity/Hub/Editor/2021.2.10f1/Editor/Data/Managed'
Mono path[1] = 'C:/Program Files/Unity/Hub/Editor/2021.2.10f1/Editor/Data/MonoBleedingEdge/lib/mono/unityjit-win32'
Mono config path = 'C:/Program Files/Unity/Hub/Editor/2021.2.10f1/Editor/Data/MonoBleedingEdge/etc'
Using monoOptions --debugger-agent=transport=dt_socket,embedding=1,server=y,suspend=n,address=127.0.0.1:56444
Begin MonoManager ReloadAssembly
Registering precompiled unity dll's ...
Register platform support module: C:/Program Files/Unity/Hub/Editor/2021.2.10f1/Editor/Data/PlaybackEngines/MacStandaloneSupport/UnityEditor.OSXStandalone.Extensions.dll
Register platform support module: C:/Program Files/Unity/Hub/Editor/2021.2.10f1/Editor/Data/PlaybackEngines/WindowsStandaloneSupport/UnityEditor.WindowsStandalone.Extensions.dll
Registered in 0.011721 seconds.
Native extension for WindowsStandalone target not found
Native extension for OSXStandalone target not found
Refreshing native plugins compatible for Editor in 109.47 ms, found 3 plugins.
Preloading 0 native plugins for Editor in 0.00 ms.
Mono: successfully reloaded assembly
- Completed reload, in  0.779 seconds
Domain Reload Profiling:
	ReloadAssembly (780ms)
		BeginReloadAssembly (95ms)
			ExecutionOrderSort (0ms)
			DisableScriptedObjects (0ms)
			BackupInstance (0ms)
			ReleaseScriptingObjects (0ms)
			CreateAndSetChildDomain (1ms)
		EndReloadAssembly (575ms)
			LoadAssemblies (91ms)
			RebuildTransferFunctionScriptingTraits (0ms)
			SetupTypeCache (122ms)
			ReleaseScriptCaches (0ms)
			RebuildScriptCaches (35ms)
			SetupLoadedEditorAssemblies (348ms)
				LogAssemblyErrors (0ms)
				InitializePlatformSupportModulesInManaged (27ms)
				SetLoadedEditorAssemblies (0ms)
				RefreshPlugins (110ms)
				BeforeProcessingInitializeOnLoad (1ms)
				ProcessInitializeOnLoadAttributes (153ms)
				ProcessInitializeOnLoadMethodAttributes (56ms)
				AfterProcessingInitializeOnLoad (0ms)
				EditorAssembliesLoaded (0ms)
			ExecutionOrderSort2 (0ms)
			AwakeInstancesAfterBackupRestoration (0ms)
Platform modules already initialized, skipping
Registering precompiled user dll's ...
Registered in 0.007783 seconds.
Begin MonoManager ReloadAssembly
Symbol file LoadedFromMemory doesn't match image I:\Ela\GAMES\FPS Escape R7\Library\PackageCache\com.unity.visualscripting@1.7.6\Editor\VisualScripting.Core\Dependencies\YamlDotNet\Unity.VisualScripting.YamlDotNet.dll
Symbol file LoadedFromMemory doesn't match image I:\Ela\GAMES\FPS Escape R7\Library\PackageCache\com.unity.visualscripting@1.7.6\Editor\VisualScripting.Core\Dependencies\DotNetZip\Unity.VisualScripting.IonicZip.dll
Native extension for WindowsStandalone target not found
Native extension for OSXStandalone target not found
Refreshing native plugins compatible for Editor in 0.73 ms, found 3 plugins.
Preloading 0 native plugins for Editor in 0.00 ms.
Mono: successfully reloaded assembly
- Completed reload, in  1.880 seconds
Domain Reload Profiling:
	ReloadAssembly (1881ms)
		BeginReloadAssembly (136ms)
			ExecutionOrderSort (0ms)
			DisableScriptedObjects (8ms)
			BackupInstance (0ms)
			ReleaseScriptingObjects (0ms)
			CreateAndSetChildDomain (21ms)
		EndReloadAssembly (1620ms)
			LoadAssemblies (101ms)
			RebuildTransferFunctionScriptingTraits (0ms)
			SetupTypeCache (331ms)
			ReleaseScriptCaches (1ms)
			RebuildScriptCaches (65ms)
			SetupLoadedEditorAssemblies (1079ms)
				LogAssemblyErrors (0ms)
				InitializePlatformSupportModulesInManaged (19ms)
				SetLoadedEditorAssemblies (1ms)
				RefreshPlugins (1ms)
				BeforeProcessingInitializeOnLoad (113ms)
				ProcessInitializeOnLoadAttributes (902ms)
				ProcessInitializeOnLoadMethodAttributes (32ms)
				AfterProcessingInitializeOnLoad (12ms)
				EditorAssembliesLoaded (0ms)
			ExecutionOrderSort2 (0ms)
			AwakeInstancesAfterBackupRestoration (9ms)
Platform modules already initialized, skipping
========================================================================
Worker process is ready to serve import requests
Launched and connected shader compiler UnityShaderCompiler.exe after 0.09 seconds
Refreshing native plugins compatible for Editor in 0.70 ms, found 3 plugins.
Preloading 0 native plugins for Editor in 0.00 ms.
Unloading 3722 Unused Serialized files (Serialized files now loaded: 0)
Unloading 33 unused Assets / (112.8 KB). Loaded Objects now: 4190.
Memory consumption went from 156.5 MB to 156.3 MB.
Total: 4.181800 ms (FindLiveObjects: 0.404800 ms CreateObjectMapping: 0.104000 ms MarkObjects: 3.553600 ms  DeleteObjects: 0.117600 ms)

AssetImportParameters requested are different than current active one (requested -> active):
  custom:video-decoder-ogg-theora: a1e56fd34408186e4bbccfd4996cb3dc -> 
  custom:container-muxer-webm: aa71ff27fc2769a1b78a27578f13a17b -> 
  custom:container-demuxer-webm: 4f35f7cbe854078d1ac9338744f61a02 -> 
  custom:video-encoder-webm-vp8: eb34c28f22e8b96e1ab97ce403110664 -> 
  custom:audio-encoder-webm-vorbis: bf7c407c2cedff20999df2af8eb42d56 -> 
  custom:framework-win-MediaFoundation: 216162199b28c13a410421893ffa2e32 -> 
  custom:container-demuxer-ogg: 62fdf1f143b41e24485cea50d1cbac27 -> 
  custom:video-decoder-webm-vp8: 9c59270c3fd7afecdb556c50c9e8de78 -> 
  custom:audio-decoder-ogg-vorbis: bf7c407c2cedff20999df2af8eb42d56 -> 
========================================================================
Received Import Request.
  Time since last request: 8140.914323 seconds.
  path: Assets/DigitalKonstrukt/Prototyping_Pack_Free/Resources/Prefabs/Doors
  artifactKey: Guid(29047c35d80000d4ebb92249a0d995fe) Importer(815301076,1909f56bfc062723c751e8b465ee728b)
Start importing Assets/DigitalKonstrukt/Prototyping_Pack_Free/Resources/Prefabs/Doors using Guid(29047c35d80000d4ebb92249a0d995fe) Importer(815301076,1909f56bfc062723c751e8b465ee728b)  -> (artifact id: 'd9ddfde2340dc9829c3c49743f548124') in 0.012472 seconds 
========================================================================
Received Import Request.
  Time since last request: 0.025238 seconds.
  path: Assets/DigitalKonstrukt/Prototyping_Pack_Free/Resources/Prefabs/Doors/PTK_Door_Medium.prefab
  artifactKey: Guid(e00b871ebd4829a4b88fadc53d16e7a3) Importer(815301076,1909f56bfc062723c751e8b465ee728b)
Start importing Assets/DigitalKonstrukt/Prototyping_Pack_Free/Resources/Prefabs/Doors/PTK_Door_Medium.prefab using Guid(e00b871ebd4829a4b88fadc53d16e7a3) Importer(815301076,1909f56bfc062723c751e8b465ee728b)  -> (artifact id: '17e6ac98dbb4f36b1822700bb1a3a8b0') in 0.153528 seconds 
========================================================================
Received Import Request.
  Time since last request: 0.000021 seconds.
  path: Assets/DigitalKonstrukt/Prototyping_Pack_Free/Resources/Prefabs/Doors/PTK_Tunnel_Large.prefab
  artifactKey: Guid(c398cfc035f69bc4a8ab3319e4447312) Importer(815301076,1909f56bfc062723c751e8b465ee728b)
Start importing Assets/DigitalKonstrukt/Prototyping_Pack_Free/Resources/Prefabs/Doors/PTK_Tunnel_Large.prefab using Guid(c398cfc035f69bc4a8ab3319e4447312) Importer(815301076,1909f56bfc062723c751e8b465ee728b)  -> (artifact id: '89e2ccc35d066e2508fba961ea121479') in 0.021821 seconds 
========================================================================
Received Import Request.
  Time since last request: 0.000025 seconds.
  path: Assets/DigitalKonstrukt/Prototyping_Pack_Free/Resources/Prefabs/Doors/PTK_SlidingDoor_Large.prefab
  artifactKey: Guid(4ebc420b94c1c9f469d3c2e96b6fde3c) Importer(815301076,1909f56bfc062723c751e8b465ee728b)
Start importing Assets/DigitalKonstrukt/Prototyping_Pack_Free/Resources/Prefabs/Doors/PTK_SlidingDoor_Large.prefab using Guid(4ebc420b94c1c9f469d3c2e96b6fde3c) Importer(815301076,1909f56bfc062723c751e8b465ee728b)  -> (artifact id: '11fdcc92c721d9f9acd23dc5d2f7d077') in 0.022812 seconds 
========================================================================
Received Import Request.
  Time since last request: 0.000042 seconds.
  path: Assets/DigitalKonstrukt/Prototyping_Pack_Free/Resources/Prefabs/Doors/PTK_SlidingDoor_Medium.prefab
  artifactKey: Guid(ac779bc565776984f9a36525fed5d192) Importer(815301076,1909f56bfc062723c751e8b465ee728b)
Start importing Assets/DigitalKonstrukt/Prototyping_Pack_Free/Resources/Prefabs/Doors/PTK_SlidingDoor_Medium.prefab using Guid(ac779bc565776984f9a36525fed5d192) Importer(815301076,1909f56bfc062723c751e8b465ee728b)  -> (artifact id: '8d1fdf4ff0b5ba5b9a0c18af8724b146') in 0.018130 seconds 
========================================================================
Received Import Request.
  Time since last request: 0.000030 seconds.
  path: Assets/DigitalKonstrukt/Prototyping_Pack_Free/Resources/Prefabs/Doors/PTK_Tunnel_Medium.prefab
  artifactKey: Guid(1c4de98541e69804d81273f99690b9fa) Importer(815301076,1909f56bfc062723c751e8b465ee728b)
Start importing Assets/DigitalKonstrukt/Prototyping_Pack_Free/Resources/Prefabs/Doors/PTK_Tunnel_Medium.prefab using Guid(1c4de98541e69804d81273f99690b9fa) Importer(815301076,1909f56bfc062723c751e8b465ee728b)  -> (artifact id: '5de8d33b3a366562df0316ad21d51fca') in 0.014749 seconds 
========================================================================
Received Import Request.
  Time since last request: 20.140396 seconds.
  path: Assets/DigitalKonstrukt/Prototyping_Pack_Free/Resources/Meshes/Doors/PTK_Door_Medium_2.fbx
  artifactKey: Guid(c3c9198b71a32264eabead9e0bc7098a) Importer(815301076,1909f56bfc062723c751e8b465ee728b)
Start importing Assets/DigitalKonstrukt/Prototyping_Pack_Free/Resources/Meshes/Doors/PTK_Door_Medium_2.fbx using Guid(c3c9198b71a32264eabead9e0bc7098a) Importer(815301076,1909f56bfc062723c751e8b465ee728b)  -> (artifact id: 'd3366b732c3895cb400d7b944c0291d0') in 0.072514 seconds 
========================================================================
Received Import Request.
  Time since last request: 0.000025 seconds.
  path: Assets/DigitalKonstrukt/Prototyping_Pack_Free/Resources/Meshes/Doors/PTK_SlidingDoor_Large.fbx
  artifactKey: Guid(020706711b2808e45b30e4740a2fd408) Importer(815301076,1909f56bfc062723c751e8b465ee728b)
Start importing Assets/DigitalKonstrukt/Prototyping_Pack_Free/Resources/Meshes/Doors/PTK_SlidingDoor_Large.fbx using Guid(020706711b2808e45b30e4740a2fd408) Importer(815301076,1909f56bfc062723c751e8b465ee728b)  -> (artifact id: '81d665907ce626b7b1463df6030fcbfb') in 0.035266 seconds 
========================================================================
Received Import Request.
  Time since last request: 0.000036 seconds.
  path: Assets/DigitalKonstrukt/Prototyping_Pack_Free/Resources/Meshes/Doors/PTK_SlidingDoor_Medium.fbx
  artifactKey: Guid(6e68c6e5d7bfee343872a63435900cfd) Importer(815301076,1909f56bfc062723c751e8b465ee728b)
Start importing Assets/DigitalKonstrukt/Prototyping_Pack_Free/Resources/Meshes/Doors/PTK_SlidingDoor_Medium.fbx using Guid(6e68c6e5d7bfee343872a63435900cfd) Importer(815301076,1909f56bfc062723c751e8b465ee728b)  -> (artifact id: '0b3b4c8e8ab0293192c0b5621330a3aa') in 0.034856 seconds 
========================================================================
Received Import Request.
  Time since last request: 0.000029 seconds.
  path: Assets/DigitalKonstrukt/Prototyping_Pack_Free/Resources/Meshes/Doors/PTK_Tunnel_Small.fbx
  artifactKey: Guid(27981a572ea15ec40b2732ef1bcf729d) Importer(815301076,1909f56bfc062723c751e8b465ee728b)
Start importing Assets/DigitalKonstrukt/Prototyping_Pack_Free/Resources/Meshes/Doors/PTK_Tunnel_Small.fbx using Guid(27981a572ea15ec40b2732ef1bcf729d) Importer(815301076,1909f56bfc062723c751e8b465ee728b)  -> (artifact id: 'fc3fa9a0ed0f1092f04a0831658b5a99') in 0.018889 seconds 
Editor requested this worker to shutdown with reason: Scaling down because of idle timeout
AssetImportWorker is now disconnected from the server
Process exiting
Exiting without the bug reporter. Application will terminate with return code 0