Using pre-set license
Built from '2021.2/staging' branch; Version is '2021.2.10f1 (ee872746220e) revision 15632167'; Using compiler version '192829333'; Build Type 'Release'
OS: 'Windows 10  (10.0.19041) 64bit Professional' Language: 'en' Physical Memory: 16332 MB
BatchMode: 1, IsHumanControllingUs: 0, StartBugReporterOnCrash: 0, Is64bit: 1, IsPro: 0

COMMAND LINE ARGUMENTS:
C:\Program Files\Unity\Hub\Editor\2021.2.10f1\Editor\Unity.exe
-adb2
-batchMode
-noUpm
-name
AssetImportWorker14
-projectPath
I:/Ela/GAMES/FPS Escape R7
-logFile
Logs/AssetImportWorker14.log
-srvPort
54975
Successfully changed project path to: I:/Ela/GAMES/FPS Escape R7
I:/Ela/GAMES/FPS Escape R7
[UnityMemory] Configuration Parameters - Can be set up in boot.config
    "memorysetup-bucket-allocator-granularity=16"
    "memorysetup-bucket-allocator-bucket-count=8"
    "memorysetup-bucket-allocator-block-size=33554432"
    "memorysetup-bucket-allocator-block-count=8"
    "memorysetup-main-allocator-block-size=16777216"
    "memorysetup-thread-allocator-block-size=16777216"
    "memorysetup-gfx-main-allocator-block-size=16777216"
    "memorysetup-gfx-thread-allocator-block-size=16777216"
    "memorysetup-cache-allocator-block-size=4194304"
    "memorysetup-typetree-allocator-block-size=2097152"
    "memorysetup-profiler-bucket-allocator-granularity=16"
    "memorysetup-profiler-bucket-allocator-bucket-count=8"
    "memorysetup-profiler-bucket-allocator-block-size=33554432"
    "memorysetup-profiler-bucket-allocator-block-count=8"
    "memorysetup-profiler-allocator-block-size=16777216"
    "memorysetup-profiler-editor-allocator-block-size=1048576"
    "memorysetup-temp-allocator-size-main=16777216"
    "memorysetup-job-temp-allocator-block-size=2097152"
    "memorysetup-job-temp-allocator-block-size-background=1048576"
    "memorysetup-job-temp-allocator-reduction-small-platforms=262144"
    "memorysetup-temp-allocator-size-background-worker=32768"
    "memorysetup-temp-allocator-size-job-worker=262144"
    "memorysetup-temp-allocator-size-preload-manager=33554432"
    "memorysetup-temp-allocator-size-nav-mesh-worker=65536"
    "memorysetup-temp-allocator-size-audio-worker=65536"
    "memorysetup-temp-allocator-size-cloud-worker=32768"
    "memorysetup-temp-allocator-size-gi-baking-worker=262144"
    "memorysetup-temp-allocator-size-gfx=262144"
Refreshing native plugins compatible for Editor in 104.04 ms, found 3 plugins.
Preloading 0 native plugins for Editor in 0.00 ms.
Initialize engine version: 2021.2.10f1 (ee872746220e)
[Subsystems] Discovering subsystems at path C:/Program Files/Unity/Hub/Editor/2021.2.10f1/Editor/Data/Resources/UnitySubsystems
[Subsystems] Discovering subsystems at path I:/Ela/GAMES/FPS Escape R7/Assets
GfxDevice: creating device client; threaded=0; jobified=0
Direct3D:
    Version:  Direct3D 11.0 [level 11.1]
    Renderer: NVIDIA GeForce GTX 980 (ID=0x13c0)
    Vendor:   NVIDIA
    VRAM:     4053 MB
    Driver:   30.0.14.7168
Initialize mono
Mono path[0] = 'C:/Program Files/Unity/Hub/Editor/2021.2.10f1/Editor/Data/Managed'
Mono path[1] = 'C:/Program Files/Unity/Hub/Editor/2021.2.10f1/Editor/Data/MonoBleedingEdge/lib/mono/unityjit-win32'
Mono config path = 'C:/Program Files/Unity/Hub/Editor/2021.2.10f1/Editor/Data/MonoBleedingEdge/etc'
Using monoOptions --debugger-agent=transport=dt_socket,embedding=1,server=y,suspend=n,address=127.0.0.1:56552
Begin MonoManager ReloadAssembly
Registering precompiled unity dll's ...
Register platform support module: C:/Program Files/Unity/Hub/Editor/2021.2.10f1/Editor/Data/PlaybackEngines/MacStandaloneSupport/UnityEditor.OSXStandalone.Extensions.dll
Register platform support module: C:/Program Files/Unity/Hub/Editor/2021.2.10f1/Editor/Data/PlaybackEngines/WindowsStandaloneSupport/UnityEditor.WindowsStandalone.Extensions.dll
Registered in 0.011925 seconds.
Native extension for WindowsStandalone target not found
Native extension for OSXStandalone target not found
Refreshing native plugins compatible for Editor in 106.23 ms, found 3 plugins.
Preloading 0 native plugins for Editor in 0.00 ms.
Mono: successfully reloaded assembly
- Completed reload, in  0.753 seconds
Domain Reload Profiling:
	ReloadAssembly (754ms)
		BeginReloadAssembly (91ms)
			ExecutionOrderSort (0ms)
			DisableScriptedObjects (0ms)
			BackupInstance (0ms)
			ReleaseScriptingObjects (0ms)
			CreateAndSetChildDomain (1ms)
		EndReloadAssembly (559ms)
			LoadAssemblies (87ms)
			RebuildTransferFunctionScriptingTraits (0ms)
			SetupTypeCache (119ms)
			ReleaseScriptCaches (0ms)
			RebuildScriptCaches (31ms)
			SetupLoadedEditorAssemblies (344ms)
				LogAssemblyErrors (0ms)
				InitializePlatformSupportModulesInManaged (23ms)
				SetLoadedEditorAssemblies (0ms)
				RefreshPlugins (106ms)
				BeforeProcessingInitializeOnLoad (2ms)
				ProcessInitializeOnLoadAttributes (157ms)
				ProcessInitializeOnLoadMethodAttributes (55ms)
				AfterProcessingInitializeOnLoad (0ms)
				EditorAssembliesLoaded (0ms)
			ExecutionOrderSort2 (0ms)
			AwakeInstancesAfterBackupRestoration (0ms)
Platform modules already initialized, skipping
Registering precompiled user dll's ...
Registered in 0.007951 seconds.
Begin MonoManager ReloadAssembly
Symbol file LoadedFromMemory doesn't match image I:\Ela\GAMES\FPS Escape R7\Library\PackageCache\com.unity.visualscripting@1.7.6\Editor\VisualScripting.Core\Dependencies\YamlDotNet\Unity.VisualScripting.YamlDotNet.dll
Symbol file LoadedFromMemory doesn't match image I:\Ela\GAMES\FPS Escape R7\Library\PackageCache\com.unity.visualscripting@1.7.6\Editor\VisualScripting.Core\Dependencies\DotNetZip\Unity.VisualScripting.IonicZip.dll
Native extension for WindowsStandalone target not found
Native extension for OSXStandalone target not found
Refreshing native plugins compatible for Editor in 0.73 ms, found 3 plugins.
Preloading 0 native plugins for Editor in 0.00 ms.
Mono: successfully reloaded assembly
- Completed reload, in  1.894 seconds
Domain Reload Profiling:
	ReloadAssembly (1895ms)
		BeginReloadAssembly (139ms)
			ExecutionOrderSort (0ms)
			DisableScriptedObjects (8ms)
			BackupInstance (0ms)
			ReleaseScriptingObjects (0ms)
			CreateAndSetChildDomain (22ms)
		EndReloadAssembly (1613ms)
			LoadAssemblies (99ms)
			RebuildTransferFunctionScriptingTraits (0ms)
			SetupTypeCache (325ms)
			ReleaseScriptCaches (1ms)
			RebuildScriptCaches (66ms)
			SetupLoadedEditorAssemblies (1084ms)
				LogAssemblyErrors (0ms)
				InitializePlatformSupportModulesInManaged (22ms)
				SetLoadedEditorAssemblies (1ms)
				RefreshPlugins (1ms)
				BeforeProcessingInitializeOnLoad (107ms)
				ProcessInitializeOnLoadAttributes (910ms)
				ProcessInitializeOnLoadMethodAttributes (32ms)
				AfterProcessingInitializeOnLoad (12ms)
				EditorAssembliesLoaded (0ms)
			ExecutionOrderSort2 (0ms)
			AwakeInstancesAfterBackupRestoration (7ms)
Platform modules already initialized, skipping
========================================================================
Worker process is ready to serve import requests
Launched and connected shader compiler UnityShaderCompiler.exe after 0.07 seconds
Refreshing native plugins compatible for Editor in 0.72 ms, found 3 plugins.
Preloading 0 native plugins for Editor in 0.00 ms.
Unloading 3722 Unused Serialized files (Serialized files now loaded: 0)
Unloading 33 unused Assets / (112.8 KB). Loaded Objects now: 4190.
Memory consumption went from 156.5 MB to 156.3 MB.
Total: 4.180600 ms (FindLiveObjects: 0.368300 ms CreateObjectMapping: 0.101100 ms MarkObjects: 3.569600 ms  DeleteObjects: 0.139700 ms)

AssetImportParameters requested are different than current active one (requested -> active):
  custom:video-decoder-ogg-theora: a1e56fd34408186e4bbccfd4996cb3dc -> 
  custom:container-muxer-webm: aa71ff27fc2769a1b78a27578f13a17b -> 
  custom:container-demuxer-webm: 4f35f7cbe854078d1ac9338744f61a02 -> 
  custom:video-encoder-webm-vp8: eb34c28f22e8b96e1ab97ce403110664 -> 
  custom:audio-encoder-webm-vorbis: bf7c407c2cedff20999df2af8eb42d56 -> 
  custom:framework-win-MediaFoundation: 216162199b28c13a410421893ffa2e32 -> 
  custom:container-demuxer-ogg: 62fdf1f143b41e24485cea50d1cbac27 -> 
  custom:video-decoder-webm-vp8: 9c59270c3fd7afecdb556c50c9e8de78 -> 
  custom:audio-decoder-ogg-vorbis: bf7c407c2cedff20999df2af8eb42d56 -> 
========================================================================
Received Import Request.
  Time since last request: 8161.364431 seconds.
  path: Assets/DigitalKonstrukt/Prototyping_Pack_Free/Resources/Meshes/Doors/PTK_RevolvingDoor_Medium.fbx
  artifactKey: Guid(cdfe83834f0b48747965e435edc35b81) Importer(815301076,1909f56bfc062723c751e8b465ee728b)
Start importing Assets/DigitalKonstrukt/Prototyping_Pack_Free/Resources/Meshes/Doors/PTK_RevolvingDoor_Medium.fbx using Guid(cdfe83834f0b48747965e435edc35b81) Importer(815301076,1909f56bfc062723c751e8b465ee728b)  -> (artifact id: '938f5a5ecf116b0a7d9c82c8ab489c64') in 0.215140 seconds 
========================================================================
Received Import Request.
  Time since last request: 2587.786321 seconds.
  path: Assets/DigitalKonstrukt/Prototyping_Pack_Free/Resources/Prefabs/Cubes/PTK_Cube_2.prefab
  artifactKey: Guid(886758c00f5412747bef0c21f6f30418) Importer(815301076,1909f56bfc062723c751e8b465ee728b)
Start importing Assets/DigitalKonstrukt/Prototyping_Pack_Free/Resources/Prefabs/Cubes/PTK_Cube_2.prefab using Guid(886758c00f5412747bef0c21f6f30418) Importer(815301076,1909f56bfc062723c751e8b465ee728b)  -> (artifact id: '6e05244c7dca14496f9ea28d46c0faf6') in 0.042303 seconds 
========================================================================
Received Import Request.
  Time since last request: 1.344385 seconds.
  path: Assets/DigitalKonstrukt/Prototyping_Pack_Free/Resources/Prefabs/Collectables/PTK_Collectable_1_green.prefab
  artifactKey: Guid(17d2571d67fb94a47a33e65ff8c88d3c) Importer(815301076,1909f56bfc062723c751e8b465ee728b)
Start importing Assets/DigitalKonstrukt/Prototyping_Pack_Free/Resources/Prefabs/Collectables/PTK_Collectable_1_green.prefab using Guid(17d2571d67fb94a47a33e65ff8c88d3c) Importer(815301076,1909f56bfc062723c751e8b465ee728b)  -> (artifact id: '5bcbf9c7e4974dae95130acebeba9665') in 0.156073 seconds 
========================================================================
Received Import Request.
  Time since last request: 0.000037 seconds.
  path: Assets/DigitalKonstrukt/Prototyping_Pack_Free/Resources/Prefabs/Collectables/PTK_Collectable_2_green.prefab
  artifactKey: Guid(33512a55346f56e4090c2acdc8fe4d78) Importer(815301076,1909f56bfc062723c751e8b465ee728b)
Start importing Assets/DigitalKonstrukt/Prototyping_Pack_Free/Resources/Prefabs/Collectables/PTK_Collectable_2_green.prefab using Guid(33512a55346f56e4090c2acdc8fe4d78) Importer(815301076,1909f56bfc062723c751e8b465ee728b)  -> (artifact id: 'cb5fd8a5f1c0a8030e41623718a10a73') in 0.020866 seconds 
========================================================================
Received Import Request.
  Time since last request: 1.529325 seconds.
  path: Assets/DigitalKonstrukt/Prototyping_Pack_Free/Resources/Prefabs/Bridges/PTK_Bridge_Medium.prefab
  artifactKey: Guid(00f60f742cf562d458751248bfefdcd7) Importer(815301076,1909f56bfc062723c751e8b465ee728b)
Start importing Assets/DigitalKonstrukt/Prototyping_Pack_Free/Resources/Prefabs/Bridges/PTK_Bridge_Medium.prefab using Guid(00f60f742cf562d458751248bfefdcd7) Importer(815301076,1909f56bfc062723c751e8b465ee728b)  -> (artifact id: '56bc2b5a61b054174cdd1d368817472f') in 0.014595 seconds 
========================================================================
Received Import Request.
  Time since last request: 0.000032 seconds.
  path: Assets/DigitalKonstrukt/Prototyping_Pack_Free/Resources/Prefabs/Bridges/PTK_Bridge_Small.prefab
  artifactKey: Guid(3a06599b558a48449b83202f7d654300) Importer(815301076,1909f56bfc062723c751e8b465ee728b)
Start importing Assets/DigitalKonstrukt/Prototyping_Pack_Free/Resources/Prefabs/Bridges/PTK_Bridge_Small.prefab using Guid(3a06599b558a48449b83202f7d654300) Importer(815301076,1909f56bfc062723c751e8b465ee728b)  -> (artifact id: '0a00237f8e85e81c483402f01b225e1d') in 0.015134 seconds 
========================================================================
Received Import Request.
  Time since last request: 1.987245 seconds.
  path: Assets/DigitalKonstrukt/Prototyping_Pack_Free/Resources/Prefabs/Stairs/PTK_Stairs_Medium.prefab
  artifactKey: Guid(3730624d7a1898441b246db63cde09ec) Importer(815301076,1909f56bfc062723c751e8b465ee728b)
Start importing Assets/DigitalKonstrukt/Prototyping_Pack_Free/Resources/Prefabs/Stairs/PTK_Stairs_Medium.prefab using Guid(3730624d7a1898441b246db63cde09ec) Importer(815301076,1909f56bfc062723c751e8b465ee728b)  -> (artifact id: '3387c3f567d57b288fe0a739c333f72c') in 0.014970 seconds 
========================================================================
Received Import Request.
  Time since last request: 0.000023 seconds.
  path: Assets/DigitalKonstrukt/Prototyping_Pack_Free/Resources/Prefabs/Stairs/PTK_Stairs_Small.prefab
  artifactKey: Guid(7c86d38630d69c3428eaa64a2437111f) Importer(815301076,1909f56bfc062723c751e8b465ee728b)
Start importing Assets/DigitalKonstrukt/Prototyping_Pack_Free/Resources/Prefabs/Stairs/PTK_Stairs_Small.prefab using Guid(7c86d38630d69c3428eaa64a2437111f) Importer(815301076,1909f56bfc062723c751e8b465ee728b)  -> (artifact id: '4fe7a4b0ec7d42991e1bd9f87242c434') in 0.013388 seconds 
========================================================================
Received Import Request.
  Time since last request: 62.188354 seconds.
  path: Assets/DigitalKonstrukt/Prototyping_Pack_Free/Resources/Materials/Prototyp_Material_2.mat
  artifactKey: Guid(f36bc83af7f442f4bb065c8dff3dda31) Importer(815301076,1909f56bfc062723c751e8b465ee728b)
Start importing Assets/DigitalKonstrukt/Prototyping_Pack_Free/Resources/Materials/Prototyp_Material_2.mat using Guid(f36bc83af7f442f4bb065c8dff3dda31) Importer(815301076,1909f56bfc062723c751e8b465ee728b)  -> (artifact id: '8877b70567c0b31fd8ee514fc9e3cd7c') in 0.043281 seconds 
========================================================================
Received Import Request.
  Time since last request: 0.000026 seconds.
  path: Assets/DigitalKonstrukt/Prototyping_Pack_Free/Resources/Materials/Prototyp_Material_10.mat
  artifactKey: Guid(1b9854cb4546be94796b7c0e97c44249) Importer(815301076,1909f56bfc062723c751e8b465ee728b)
Start importing Assets/DigitalKonstrukt/Prototyping_Pack_Free/Resources/Materials/Prototyp_Material_10.mat using Guid(1b9854cb4546be94796b7c0e97c44249) Importer(815301076,1909f56bfc062723c751e8b465ee728b)  -> (artifact id: 'c14ed2277bd7fe1435e9eb75f68f9da4') in 0.016073 seconds 
========================================================================
Received Import Request.
  Time since last request: 0.000025 seconds.
  path: Assets/DigitalKonstrukt/Prototyping_Pack_Free/Resources/Materials/Prototyp_Material_4.mat
  artifactKey: Guid(3e9b40bb243ad504dbf2adbd0918b9f5) Importer(815301076,1909f56bfc062723c751e8b465ee728b)
Start importing Assets/DigitalKonstrukt/Prototyping_Pack_Free/Resources/Materials/Prototyp_Material_4.mat using Guid(3e9b40bb243ad504dbf2adbd0918b9f5) Importer(815301076,1909f56bfc062723c751e8b465ee728b)  -> (artifact id: '9f23b8b3b11ed734dc5e38d103f1bd53') in 0.015186 seconds 
========================================================================
Received Import Request.
  Time since last request: 0.000041 seconds.
  path: Assets/DigitalKonstrukt/Prototyping_Pack_Free/Resources/Materials/Prototyp_Material_7.mat
  artifactKey: Guid(1d995df76d244df4eafb5a026363c584) Importer(815301076,1909f56bfc062723c751e8b465ee728b)
Start importing Assets/DigitalKonstrukt/Prototyping_Pack_Free/Resources/Materials/Prototyp_Material_7.mat using Guid(1d995df76d244df4eafb5a026363c584) Importer(815301076,1909f56bfc062723c751e8b465ee728b)  -> (artifact id: '91c23d5906d161b44de0301f60f33ea1') in 0.014587 seconds 
========================================================================
Received Import Request.
  Time since last request: 0.000023 seconds.
  path: Assets/DigitalKonstrukt/Prototyping_Pack_Free/Resources/Materials/Prototyp_Material_12.mat
  artifactKey: Guid(f8cb53fbbb5462f4c90c7685910028f1) Importer(815301076,1909f56bfc062723c751e8b465ee728b)
Start importing Assets/DigitalKonstrukt/Prototyping_Pack_Free/Resources/Materials/Prototyp_Material_12.mat using Guid(f8cb53fbbb5462f4c90c7685910028f1) Importer(815301076,1909f56bfc062723c751e8b465ee728b)  -> (artifact id: '818ab5dc501ee06f0c0b236a33b6850a') in 0.016102 seconds 
========================================================================
Received Import Request.
  Time since last request: 0.000025 seconds.
  path: Assets/DigitalKonstrukt/Prototyping_Pack_Free/Resources/Materials/Prototyp_Material_15.mat
  artifactKey: Guid(dd594aa7b65105b4f830bddd556f66fa) Importer(815301076,1909f56bfc062723c751e8b465ee728b)
Start importing Assets/DigitalKonstrukt/Prototyping_Pack_Free/Resources/Materials/Prototyp_Material_15.mat using Guid(dd594aa7b65105b4f830bddd556f66fa) Importer(815301076,1909f56bfc062723c751e8b465ee728b)  -> (artifact id: '2c3d31aae0b57f867ded00c338c788ba') in 0.018254 seconds 
========================================================================
Received Import Request.
  Time since last request: 0.000034 seconds.
  path: Assets/DigitalKonstrukt/Prototyping_Pack_Free/Resources/Materials/Prototyp_Material_8.mat
  artifactKey: Guid(639bdae38663ce249835e384c15d06d3) Importer(815301076,1909f56bfc062723c751e8b465ee728b)
Start importing Assets/DigitalKonstrukt/Prototyping_Pack_Free/Resources/Materials/Prototyp_Material_8.mat using Guid(639bdae38663ce249835e384c15d06d3) Importer(815301076,1909f56bfc062723c751e8b465ee728b)  -> (artifact id: '4c564f9b583e186c24f7bdc90877f1c7') in 0.017014 seconds 
========================================================================
Received Import Request.
  Time since last request: 0.000032 seconds.
  path: Assets/DigitalKonstrukt/Prototyping_Pack_Free/Resources/Materials/Prototyp_Material_9.mat
  artifactKey: Guid(698621012f4317746bf1b79896b709b6) Importer(815301076,1909f56bfc062723c751e8b465ee728b)
Start importing Assets/DigitalKonstrukt/Prototyping_Pack_Free/Resources/Materials/Prototyp_Material_9.mat using Guid(698621012f4317746bf1b79896b709b6) Importer(815301076,1909f56bfc062723c751e8b465ee728b)  -> (artifact id: 'f585aaf523b1d7322958bcd3acb6f3a2') in 0.017224 seconds 
========================================================================
Received Import Request.
  Time since last request: 0.000037 seconds.
  path: Assets/DigitalKonstrukt/Prototyping_Pack_Free/Resources/Materials/Prototyp_Material_14.mat
  artifactKey: Guid(4f47b69c96e3e06438c10c907f7d4f98) Importer(815301076,1909f56bfc062723c751e8b465ee728b)
Start importing Assets/DigitalKonstrukt/Prototyping_Pack_Free/Resources/Materials/Prototyp_Material_14.mat using Guid(4f47b69c96e3e06438c10c907f7d4f98) Importer(815301076,1909f56bfc062723c751e8b465ee728b)  -> (artifact id: '55d89b8494c723b43be83d269c0b8d86') in 0.016736 seconds 
========================================================================
Received Import Request.
  Time since last request: 0.865007 seconds.
  path: Assets/DigitalKonstrukt/Prototyping_Pack_Free/Resources/Textures/proto_2.png
  artifactKey: Guid(8ddd254c86d435c438634a87443272a6) Importer(815301076,1909f56bfc062723c751e8b465ee728b)
Start importing Assets/DigitalKonstrukt/Prototyping_Pack_Free/Resources/Textures/proto_2.png using Guid(8ddd254c86d435c438634a87443272a6) Importer(815301076,1909f56bfc062723c751e8b465ee728b)  -> (artifact id: 'b7eb28c530d32499ee1bcc766931bad6') in 0.054331 seconds 
========================================================================
Received Import Request.
  Time since last request: 0.000027 seconds.
  path: Assets/DigitalKonstrukt/Prototyping_Pack_Free/Resources/Textures/Proto_2_512.png
  artifactKey: Guid(3db51da499d4ea74ea07211ee4f03401) Importer(815301076,1909f56bfc062723c751e8b465ee728b)
Start importing Assets/DigitalKonstrukt/Prototyping_Pack_Free/Resources/Textures/Proto_2_512.png using Guid(3db51da499d4ea74ea07211ee4f03401) Importer(815301076,1909f56bfc062723c751e8b465ee728b)  -> (artifact id: '3f9084f507a5a35514a9ab8f48d12112') in 0.012773 seconds 
========================================================================
Received Import Request.
  Time since last request: 0.000034 seconds.
  path: Assets/DigitalKonstrukt/Prototyping_Pack_Free/Resources/Textures/proto_interaction4.png
  artifactKey: Guid(7be423dc835515145a8a12b2064c96e7) Importer(815301076,1909f56bfc062723c751e8b465ee728b)
Start importing Assets/DigitalKonstrukt/Prototyping_Pack_Free/Resources/Textures/proto_interaction4.png using Guid(7be423dc835515145a8a12b2064c96e7) Importer(815301076,1909f56bfc062723c751e8b465ee728b)  -> (artifact id: '1f28fd7fdcb9112d67d3e9a124f4eaa9') in 0.013859 seconds 
========================================================================
Received Import Request.
  Time since last request: 0.000025 seconds.
  path: Assets/DigitalKonstrukt/Prototyping_Pack_Free/Resources/Textures/proto_interaction2.png
  artifactKey: Guid(faf222c6648d2534d9bab52c325e6492) Importer(815301076,1909f56bfc062723c751e8b465ee728b)
Start importing Assets/DigitalKonstrukt/Prototyping_Pack_Free/Resources/Textures/proto_interaction2.png using Guid(faf222c6648d2534d9bab52c325e6492) Importer(815301076,1909f56bfc062723c751e8b465ee728b)  -> (artifact id: '004cc8801238eab47d04d260e097560b') in 0.012571 seconds 
========================================================================
Received Import Request.
  Time since last request: 0.000028 seconds.
  path: Assets/DigitalKonstrukt/Prototyping_Pack_Free/Resources/Textures/proto_interaction3.png
  artifactKey: Guid(a01e8f6cbdbea3e4daec924917271957) Importer(815301076,1909f56bfc062723c751e8b465ee728b)
Start importing Assets/DigitalKonstrukt/Prototyping_Pack_Free/Resources/Textures/proto_interaction3.png using Guid(a01e8f6cbdbea3e4daec924917271957) Importer(815301076,1909f56bfc062723c751e8b465ee728b)  -> (artifact id: 'fa5947b8bd821efc86a84e8fb3c32585') in 0.014001 seconds 
========================================================================
Received Import Request.
  Time since last request: 0.000023 seconds.
  path: Assets/DigitalKonstrukt/Prototyping_Pack_Free/Resources/Textures/proto_3.png
  artifactKey: Guid(2807688b9d7782c48b64d3ad546e6f16) Importer(815301076,1909f56bfc062723c751e8b465ee728b)
Start importing Assets/DigitalKonstrukt/Prototyping_Pack_Free/Resources/Textures/proto_3.png using Guid(2807688b9d7782c48b64d3ad546e6f16) Importer(815301076,1909f56bfc062723c751e8b465ee728b)  -> (artifact id: '3b7e99a9485457f363b0bbd3e19c2f1e') in 0.012757 seconds 
========================================================================
Received Import Request.
  Time since last request: 2.260319 seconds.
  path: Assets/DigitalKonstrukt/Prototyping_Pack_Free/Resources/Prefabs/Ladders/PTK_Ladder_Medium.prefab
  artifactKey: Guid(358d9637e06e9d6468f0e57b8265bc5a) Importer(815301076,1909f56bfc062723c751e8b465ee728b)
Start importing Assets/DigitalKonstrukt/Prototyping_Pack_Free/Resources/Prefabs/Ladders/PTK_Ladder_Medium.prefab using Guid(358d9637e06e9d6468f0e57b8265bc5a) Importer(815301076,1909f56bfc062723c751e8b465ee728b)  -> (artifact id: 'a556334324ce38aba1a225af257d178f') in 0.013328 seconds 
========================================================================
Received Import Request.
  Time since last request: 0.000021 seconds.
  path: Assets/DigitalKonstrukt/Prototyping_Pack_Free/Resources/Prefabs/Ladders/PTK_Ladder_Small.prefab
  artifactKey: Guid(49e46de598f3ef34ba19e0cecfe6d045) Importer(815301076,1909f56bfc062723c751e8b465ee728b)
Start importing Assets/DigitalKonstrukt/Prototyping_Pack_Free/Resources/Prefabs/Ladders/PTK_Ladder_Small.prefab using Guid(49e46de598f3ef34ba19e0cecfe6d045) Importer(815301076,1909f56bfc062723c751e8b465ee728b)  -> (artifact id: '6481b1d37406f36619a497afed613ef6') in 0.017265 seconds 
========================================================================
Received Import Request.
  Time since last request: 58.893754 seconds.
  path: Assets/DigitalKonstrukt/Prototyping_Pack_Free/Resources/Prefabs/PointsOfInterest/PTK_ActionField_4.prefab
  artifactKey: Guid(572f193c86d3dae41aa849afe3046580) Importer(815301076,1909f56bfc062723c751e8b465ee728b)
Start importing Assets/DigitalKonstrukt/Prototyping_Pack_Free/Resources/Prefabs/PointsOfInterest/PTK_ActionField_4.prefab using Guid(572f193c86d3dae41aa849afe3046580) Importer(815301076,1909f56bfc062723c751e8b465ee728b)  -> (artifact id: '6264f8be03da7427c9b1a80197715703') in 0.017583 seconds 
========================================================================
Received Import Request.
  Time since last request: 0.000019 seconds.
  path: Assets/DigitalKonstrukt/Prototyping_Pack_Free/Resources/Prefabs/PointsOfInterest/PTK_Exclamation_green.prefab
  artifactKey: Guid(eb07530ab699e054891205537c84145f) Importer(815301076,1909f56bfc062723c751e8b465ee728b)
Start importing Assets/DigitalKonstrukt/Prototyping_Pack_Free/Resources/Prefabs/PointsOfInterest/PTK_Exclamation_green.prefab using Guid(eb07530ab699e054891205537c84145f) Importer(815301076,1909f56bfc062723c751e8b465ee728b)  -> (artifact id: '0d147c25df47d6f6eb24f3d690645239') in 0.026093 seconds 
Editor requested this worker to shutdown with reason: Scaling down because of idle timeout
AssetImportWorker is now disconnected from the server
Process exiting
Exiting without the bug reporter. Application will terminate with return code 0