Using pre-set license
Built from '2021.2/staging' branch; Version is '2021.2.10f1 (ee872746220e) revision 15632167'; Using compiler version '192829333'; Build Type 'Release'
OS: 'Windows 10  (10.0.19041) 64bit Professional' Language: 'en' Physical Memory: 16332 MB
BatchMode: 1, IsHumanControllingUs: 0, StartBugReporterOnCrash: 0, Is64bit: 1, IsPro: 0

COMMAND LINE ARGUMENTS:
C:\Program Files\Unity\Hub\Editor\2021.2.10f1\Editor\Unity.exe
-adb2
-batchMode
-noUpm
-name
AssetImportWorker4
-projectPath
I:/Ela/GAMES/FPS Escape R7
-logFile
Logs/AssetImportWorker4.log
-srvPort
54975
Successfully changed project path to: I:/Ela/GAMES/FPS Escape R7
I:/Ela/GAMES/FPS Escape R7
[UnityMemory] Configuration Parameters - Can be set up in boot.config
    "memorysetup-bucket-allocator-granularity=16"
    "memorysetup-bucket-allocator-bucket-count=8"
    "memorysetup-bucket-allocator-block-size=33554432"
    "memorysetup-bucket-allocator-block-count=8"
    "memorysetup-main-allocator-block-size=16777216"
    "memorysetup-thread-allocator-block-size=16777216"
    "memorysetup-gfx-main-allocator-block-size=16777216"
    "memorysetup-gfx-thread-allocator-block-size=16777216"
    "memorysetup-cache-allocator-block-size=4194304"
    "memorysetup-typetree-allocator-block-size=2097152"
    "memorysetup-profiler-bucket-allocator-granularity=16"
    "memorysetup-profiler-bucket-allocator-bucket-count=8"
    "memorysetup-profiler-bucket-allocator-block-size=33554432"
    "memorysetup-profiler-bucket-allocator-block-count=8"
    "memorysetup-profiler-allocator-block-size=16777216"
    "memorysetup-profiler-editor-allocator-block-size=1048576"
    "memorysetup-temp-allocator-size-main=16777216"
    "memorysetup-job-temp-allocator-block-size=2097152"
    "memorysetup-job-temp-allocator-block-size-background=1048576"
    "memorysetup-job-temp-allocator-reduction-small-platforms=262144"
    "memorysetup-temp-allocator-size-background-worker=32768"
    "memorysetup-temp-allocator-size-job-worker=262144"
    "memorysetup-temp-allocator-size-preload-manager=33554432"
    "memorysetup-temp-allocator-size-nav-mesh-worker=65536"
    "memorysetup-temp-allocator-size-audio-worker=65536"
    "memorysetup-temp-allocator-size-cloud-worker=32768"
    "memorysetup-temp-allocator-size-gi-baking-worker=262144"
    "memorysetup-temp-allocator-size-gfx=262144"
Refreshing native plugins compatible for Editor in 100.15 ms, found 3 plugins.
Preloading 0 native plugins for Editor in 0.00 ms.
Initialize engine version: 2021.2.10f1 (ee872746220e)
[Subsystems] Discovering subsystems at path C:/Program Files/Unity/Hub/Editor/2021.2.10f1/Editor/Data/Resources/UnitySubsystems
[Subsystems] Discovering subsystems at path I:/Ela/GAMES/FPS Escape R7/Assets
GfxDevice: creating device client; threaded=0; jobified=0
Direct3D:
    Version:  Direct3D 11.0 [level 11.1]
    Renderer: NVIDIA GeForce GTX 980 (ID=0x13c0)
    Vendor:   NVIDIA
    VRAM:     4053 MB
    Driver:   30.0.14.7168
Initialize mono
Mono path[0] = 'C:/Program Files/Unity/Hub/Editor/2021.2.10f1/Editor/Data/Managed'
Mono path[1] = 'C:/Program Files/Unity/Hub/Editor/2021.2.10f1/Editor/Data/MonoBleedingEdge/lib/mono/unityjit-win32'
Mono config path = 'C:/Program Files/Unity/Hub/Editor/2021.2.10f1/Editor/Data/MonoBleedingEdge/etc'
Using monoOptions --debugger-agent=transport=dt_socket,embedding=1,server=y,suspend=n,address=127.0.0.1:56400
Begin MonoManager ReloadAssembly
Registering precompiled unity dll's ...
Register platform support module: C:/Program Files/Unity/Hub/Editor/2021.2.10f1/Editor/Data/PlaybackEngines/MacStandaloneSupport/UnityEditor.OSXStandalone.Extensions.dll
Register platform support module: C:/Program Files/Unity/Hub/Editor/2021.2.10f1/Editor/Data/PlaybackEngines/WindowsStandaloneSupport/UnityEditor.WindowsStandalone.Extensions.dll
Registered in 0.013391 seconds.
Native extension for WindowsStandalone target not found
Native extension for OSXStandalone target not found
Refreshing native plugins compatible for Editor in 101.78 ms, found 3 plugins.
Preloading 0 native plugins for Editor in 0.00 ms.
Mono: successfully reloaded assembly
- Completed reload, in  0.756 seconds
Domain Reload Profiling:
	ReloadAssembly (757ms)
		BeginReloadAssembly (95ms)
			ExecutionOrderSort (0ms)
			DisableScriptedObjects (0ms)
			BackupInstance (0ms)
			ReleaseScriptingObjects (0ms)
			CreateAndSetChildDomain (1ms)
		EndReloadAssembly (554ms)
			LoadAssemblies (91ms)
			RebuildTransferFunctionScriptingTraits (0ms)
			SetupTypeCache (124ms)
			ReleaseScriptCaches (0ms)
			RebuildScriptCaches (32ms)
			SetupLoadedEditorAssemblies (334ms)
				LogAssemblyErrors (0ms)
				InitializePlatformSupportModulesInManaged (23ms)
				SetLoadedEditorAssemblies (0ms)
				RefreshPlugins (102ms)
				BeforeProcessingInitializeOnLoad (1ms)
				ProcessInitializeOnLoadAttributes (153ms)
				ProcessInitializeOnLoadMethodAttributes (54ms)
				AfterProcessingInitializeOnLoad (0ms)
				EditorAssembliesLoaded (0ms)
			ExecutionOrderSort2 (0ms)
			AwakeInstancesAfterBackupRestoration (0ms)
Platform modules already initialized, skipping
Registering precompiled user dll's ...
Registered in 0.008148 seconds.
Begin MonoManager ReloadAssembly
Symbol file LoadedFromMemory doesn't match image I:\Ela\GAMES\FPS Escape R7\Library\PackageCache\com.unity.visualscripting@1.7.6\Editor\VisualScripting.Core\Dependencies\YamlDotNet\Unity.VisualScripting.YamlDotNet.dll
Symbol file LoadedFromMemory doesn't match image I:\Ela\GAMES\FPS Escape R7\Library\PackageCache\com.unity.visualscripting@1.7.6\Editor\VisualScripting.Core\Dependencies\DotNetZip\Unity.VisualScripting.IonicZip.dll
Native extension for WindowsStandalone target not found
Native extension for OSXStandalone target not found
Refreshing native plugins compatible for Editor in 0.71 ms, found 3 plugins.
Preloading 0 native plugins for Editor in 0.00 ms.
Mono: successfully reloaded assembly
- Completed reload, in  1.919 seconds
Domain Reload Profiling:
	ReloadAssembly (1920ms)
		BeginReloadAssembly (138ms)
			ExecutionOrderSort (0ms)
			DisableScriptedObjects (9ms)
			BackupInstance (0ms)
			ReleaseScriptingObjects (0ms)
			CreateAndSetChildDomain (21ms)
		EndReloadAssembly (1659ms)
			LoadAssemblies (103ms)
			RebuildTransferFunctionScriptingTraits (0ms)
			SetupTypeCache (328ms)
			ReleaseScriptCaches (1ms)
			RebuildScriptCaches (67ms)
			SetupLoadedEditorAssemblies (1123ms)
				LogAssemblyErrors (0ms)
				InitializePlatformSupportModulesInManaged (19ms)
				SetLoadedEditorAssemblies (1ms)
				RefreshPlugins (1ms)
				BeforeProcessingInitializeOnLoad (113ms)
				ProcessInitializeOnLoadAttributes (945ms)
				ProcessInitializeOnLoadMethodAttributes (32ms)
				AfterProcessingInitializeOnLoad (13ms)
				EditorAssembliesLoaded (0ms)
			ExecutionOrderSort2 (0ms)
			AwakeInstancesAfterBackupRestoration (7ms)
Platform modules already initialized, skipping
========================================================================
Worker process is ready to serve import requests
Launched and connected shader compiler UnityShaderCompiler.exe after 0.07 seconds
Refreshing native plugins compatible for Editor in 1.19 ms, found 3 plugins.
Preloading 0 native plugins for Editor in 0.00 ms.
Unloading 3722 Unused Serialized files (Serialized files now loaded: 0)
Unloading 33 unused Assets / (112.4 KB). Loaded Objects now: 4176.
Memory consumption went from 142.2 MB to 142.1 MB.
Total: 4.020200 ms (FindLiveObjects: 0.375700 ms CreateObjectMapping: 0.099100 ms MarkObjects: 3.424600 ms  DeleteObjects: 0.118900 ms)

AssetImportParameters requested are different than current active one (requested -> active):
  custom:video-decoder-ogg-theora: a1e56fd34408186e4bbccfd4996cb3dc -> 
  custom:container-muxer-webm: aa71ff27fc2769a1b78a27578f13a17b -> 
  custom:container-demuxer-webm: 4f35f7cbe854078d1ac9338744f61a02 -> 
  custom:video-encoder-webm-vp8: eb34c28f22e8b96e1ab97ce403110664 -> 
  custom:audio-encoder-webm-vorbis: bf7c407c2cedff20999df2af8eb42d56 -> 
  custom:framework-win-MediaFoundation: 216162199b28c13a410421893ffa2e32 -> 
  custom:container-demuxer-ogg: 62fdf1f143b41e24485cea50d1cbac27 -> 
  custom:video-decoder-webm-vp8: 9c59270c3fd7afecdb556c50c9e8de78 -> 
  custom:audio-decoder-ogg-vorbis: bf7c407c2cedff20999df2af8eb42d56 -> 
========================================================================
Received Import Request.
  Time since last request: 7079.216430 seconds.
  path: Assets/Tree_Textures
  artifactKey: Guid(87ff4aa2bb176f346acc2eea06ad7879) Importer(815301076,1909f56bfc062723c751e8b465ee728b)
Start importing Assets/Tree_Textures using Guid(87ff4aa2bb176f346acc2eea06ad7879) Importer(815301076,1909f56bfc062723c751e8b465ee728b)  -> (artifact id: 'db168340eeada5b698921b9b9d778fa4') in 0.012762 seconds 
========================================================================
Received Import Request.
  Time since last request: 45.368267 seconds.
  path: Assets/DelthorGames/MP7/Textures
  artifactKey: Guid(f0b82c9c36fa9f24599815e146ce3fdd) Importer(815301076,1909f56bfc062723c751e8b465ee728b)
Start importing Assets/DelthorGames/MP7/Textures using Guid(f0b82c9c36fa9f24599815e146ce3fdd) Importer(815301076,1909f56bfc062723c751e8b465ee728b)  -> (artifact id: 'f70eb6dec83a2e64da5e4352d21e4fa8') in 0.005917 seconds 
========================================================================
Received Import Request.
  Time since last request: 0.034140 seconds.
  path: Assets/DelthorGames/MP7/Textures/MP7Dis_Material_AlbedoTransparency.png
  artifactKey: Guid(5ecf4692c812f2f47805c6a49b300a3b) Importer(815301076,1909f56bfc062723c751e8b465ee728b)
Start importing Assets/DelthorGames/MP7/Textures/MP7Dis_Material_AlbedoTransparency.png using Guid(5ecf4692c812f2f47805c6a49b300a3b) Importer(815301076,1909f56bfc062723c751e8b465ee728b)  -> (artifact id: 'a855875a4ff845ed25d4a60731ece751') in 0.171161 seconds 
========================================================================
Received Import Request.
  Time since last request: 0.000054 seconds.
  path: Assets/DelthorGames/MP7/Textures/MP7Dis_Material_NormalOpenGL.png
  artifactKey: Guid(b92333461ab101f45889470f3d524c9d) Importer(815301076,1909f56bfc062723c751e8b465ee728b)
Start importing Assets/DelthorGames/MP7/Textures/MP7Dis_Material_NormalOpenGL.png using Guid(b92333461ab101f45889470f3d524c9d) Importer(815301076,1909f56bfc062723c751e8b465ee728b)  -> (artifact id: '38b3f1604f18d21571645720c991834b') in 0.069586 seconds 
========================================================================
Received Import Request.
  Time since last request: 0.000051 seconds.
  path: Assets/DelthorGames/MP7/Textures/MP7Dis_Material_Roughness.png
  artifactKey: Guid(77ce082b6118cb94ea3120bf0befc96a) Importer(815301076,1909f56bfc062723c751e8b465ee728b)
Start importing Assets/DelthorGames/MP7/Textures/MP7Dis_Material_Roughness.png using Guid(77ce082b6118cb94ea3120bf0befc96a) Importer(815301076,1909f56bfc062723c751e8b465ee728b)  -> (artifact id: '190b75912aebadaac9ba00536f4146cb') in 0.017740 seconds 
========================================================================
Received Import Request.
  Time since last request: 0.000024 seconds.
  path: Assets/DelthorGames/MP7/Textures/MP7Dis_Material_Height.png
  artifactKey: Guid(216e3aed3f2865d46a9243def7a2aa6c) Importer(815301076,1909f56bfc062723c751e8b465ee728b)
Start importing Assets/DelthorGames/MP7/Textures/MP7Dis_Material_Height.png using Guid(216e3aed3f2865d46a9243def7a2aa6c) Importer(815301076,1909f56bfc062723c751e8b465ee728b)  -> (artifact id: '994b2271b5cf62812a73c0c571fb847c') in 0.011658 seconds 
========================================================================
Received Import Request.
  Time since last request: 4.829045 seconds.
  path: Assets/DelthorGames/MP7/Materials
  artifactKey: Guid(38895e45087bee64eb99b8e5fb9ffac3) Importer(815301076,1909f56bfc062723c751e8b465ee728b)
Start importing Assets/DelthorGames/MP7/Materials using Guid(38895e45087bee64eb99b8e5fb9ffac3) Importer(815301076,1909f56bfc062723c751e8b465ee728b)  -> (artifact id: 'c59a6e4ea636c853f86fa17a1577453a') in 0.001946 seconds 
========================================================================
Received Import Request.
  Time since last request: 15.960934 seconds.
  path: Assets/DelthorGames/MP7/Prefabs/MP7.prefab
  artifactKey: Guid(a59b0609ea2fa5f44823a30f5c7ce800) Importer(815301076,1909f56bfc062723c751e8b465ee728b)
Start importing Assets/DelthorGames/MP7/Prefabs/MP7.prefab using Guid(a59b0609ea2fa5f44823a30f5c7ce800) Importer(815301076,1909f56bfc062723c751e8b465ee728b)  -> (artifact id: '19805e4779cb11fd248236cac9a75789') in 0.195590 seconds 
========================================================================
Received Import Request.
  Time since last request: 9.533447 seconds.
  path: Assets/DelthorGames/MP7/HowToUse.txt
  artifactKey: Guid(80cfc9f5e8fbfa1458fdd439aeb9cfec) Importer(815301076,1909f56bfc062723c751e8b465ee728b)
Start importing Assets/DelthorGames/MP7/HowToUse.txt using Guid(80cfc9f5e8fbfa1458fdd439aeb9cfec) Importer(815301076,1909f56bfc062723c751e8b465ee728b)  -> (artifact id: '53c8ff3ffdc2c84d7188e5cd8ff2727f') in 0.010465 seconds 
========================================================================
Received Import Request.
  Time since last request: 55.237163 seconds.
  path: Assets/Textures
  artifactKey: Guid(6ba1a6de59e83de4389e84c8e6a7f9d5) Importer(815301076,1909f56bfc062723c751e8b465ee728b)
Start importing Assets/Textures using Guid(6ba1a6de59e83de4389e84c8e6a7f9d5) Importer(815301076,1909f56bfc062723c751e8b465ee728b)  -> (artifact id: '56cfa78f1eb51413f0e0f68594faaed1') in 0.001985 seconds 
========================================================================
Received Import Request.
  Time since last request: 4.397627 seconds.
  path: Assets/DelthorGames/MP7/Textures 1
  artifactKey: Guid(b2521500cf8974545bebdc9d2d67ae48) Importer(815301076,1909f56bfc062723c751e8b465ee728b)
Start importing Assets/DelthorGames/MP7/Textures 1 using Guid(b2521500cf8974545bebdc9d2d67ae48) Importer(815301076,1909f56bfc062723c751e8b465ee728b)  -> (artifact id: '48cfa37b677b5d67f07910125fb039be') in 0.001919 seconds 
========================================================================
Received Import Request.
  Time since last request: 14.931715 seconds.
  path: Assets/Materials
  artifactKey: Guid(b10de8321853d0447a52ce28d4eda0d1) Importer(815301076,1909f56bfc062723c751e8b465ee728b)
Start importing Assets/Materials using Guid(b10de8321853d0447a52ce28d4eda0d1) Importer(815301076,1909f56bfc062723c751e8b465ee728b)  -> (artifact id: 'a1ac487fe851bb7bdb3f7c021ea034e3') in 0.014780 seconds 
========================================================================
Received Import Request.
  Time since last request: 2.398677 seconds.
  path: Assets/Materials/MP7_Mat.mat
  artifactKey: Guid(20175f90d3a768444827e468728e28a8) Importer(815301076,1909f56bfc062723c751e8b465ee728b)
Start importing Assets/Materials/MP7_Mat.mat using Guid(20175f90d3a768444827e468728e28a8) Importer(815301076,1909f56bfc062723c751e8b465ee728b)  -> (artifact id: '6faea27c09b1e31e2d859b982a365407') in 0.057688 seconds 
========================================================================
Received Import Request.
  Time since last request: 6.237552 seconds.
  path: Assets/Materials/MP7_Mat.mat
  artifactKey: Guid(20175f90d3a768444827e468728e28a8) Importer(815301076,1909f56bfc062723c751e8b465ee728b)
Start importing Assets/Materials/MP7_Mat.mat using Guid(20175f90d3a768444827e468728e28a8) Importer(815301076,1909f56bfc062723c751e8b465ee728b)  -> (artifact id: 'e5a54d0d872cfb0fdd3685c0f3ff8628') in 0.011458 seconds 
========================================================================
Received Import Request.
  Time since last request: 2.119894 seconds.
  path: Assets/Textures/MP7Dis_Material_AlbedoTransparency.png
  artifactKey: Guid(3a00b0581ff9eed4f8fa9681a3e76fb0) Importer(815301076,1909f56bfc062723c751e8b465ee728b)
Start importing Assets/Textures/MP7Dis_Material_AlbedoTransparency.png using Guid(3a00b0581ff9eed4f8fa9681a3e76fb0) Importer(815301076,1909f56bfc062723c751e8b465ee728b)  -> (artifact id: '8e3fbce02acd12bb8a404023e4b744bd') in 0.017483 seconds 
========================================================================
Received Import Request.
  Time since last request: 0.000034 seconds.
  path: Assets/Textures/MP7Dis_Material_Height.png
  artifactKey: Guid(430b51b2ef7666a41915a74c36360a8e) Importer(815301076,1909f56bfc062723c751e8b465ee728b)
Start importing Assets/Textures/MP7Dis_Material_Height.png using Guid(430b51b2ef7666a41915a74c36360a8e) Importer(815301076,1909f56bfc062723c751e8b465ee728b)  -> (artifact id: '895fd431d761b2d638b4095c2586b57d') in 0.011636 seconds 
========================================================================
Received Import Request.
  Time since last request: 0.000034 seconds.
  path: Assets/Textures/MP7Dis_Material_Emission.png
  artifactKey: Guid(52eb5038a9e13164d9eb568ef4ddad31) Importer(815301076,1909f56bfc062723c751e8b465ee728b)
Start importing Assets/Textures/MP7Dis_Material_Emission.png using Guid(52eb5038a9e13164d9eb568ef4ddad31) Importer(815301076,1909f56bfc062723c751e8b465ee728b)  -> (artifact id: '956fafec5edc3c3f47c375a4e39e61b7') in 0.011430 seconds 
========================================================================
Received Import Request.
  Time since last request: 0.000026 seconds.
  path: Assets/Textures/MP7Dis_Material_NormalOpenGL.png
  artifactKey: Guid(3a00bdf4fe396204c8b380a78df98d66) Importer(815301076,1909f56bfc062723c751e8b465ee728b)
Start importing Assets/Textures/MP7Dis_Material_NormalOpenGL.png using Guid(3a00bdf4fe396204c8b380a78df98d66) Importer(815301076,1909f56bfc062723c751e8b465ee728b)  -> (artifact id: '0962cdf0b8a2aefb0373b822fe2f0e34') in 0.020378 seconds 
========================================================================
Received Import Request.
  Time since last request: 0.000026 seconds.
  path: Assets/Textures/MP7Dis_Material_Roughness.png
  artifactKey: Guid(61df7ca732c956b448ac027435aa28cf) Importer(815301076,1909f56bfc062723c751e8b465ee728b)
Start importing Assets/Textures/MP7Dis_Material_Roughness.png using Guid(61df7ca732c956b448ac027435aa28cf) Importer(815301076,1909f56bfc062723c751e8b465ee728b)  -> (artifact id: 'f1cce59b65788e665fad675b1e393a6a') in 0.016581 seconds 
========================================================================
Received Import Request.
  Time since last request: 0.000034 seconds.
  path: Assets/Textures/MP7Dis_Material_MetallicSmoothness.png
  artifactKey: Guid(af6140436b3afc84d852113452ac89ea) Importer(815301076,1909f56bfc062723c751e8b465ee728b)
Start importing Assets/Textures/MP7Dis_Material_MetallicSmoothness.png using Guid(af6140436b3afc84d852113452ac89ea) Importer(815301076,1909f56bfc062723c751e8b465ee728b)  -> (artifact id: 'f74489ce713e04e8ee26eafa4a8d548c') in 0.019080 seconds 
========================================================================
Received Import Request.
  Time since last request: 9.077739 seconds.
  path: Assets/Models
  artifactKey: Guid(2fa2e05b7fcd29f4499ab4b0d7c27065) Importer(815301076,1909f56bfc062723c751e8b465ee728b)
Start importing Assets/Models using Guid(2fa2e05b7fcd29f4499ab4b0d7c27065) Importer(815301076,1909f56bfc062723c751e8b465ee728b)  -> (artifact id: '40cc6dca75ff51d25db64eb0fef16f63') in 0.002040 seconds 
========================================================================
Received Import Request.
  Time since last request: 4.163423 seconds.
  path: Assets/Models/MP7.fbx
  artifactKey: Guid(2331720b8faed3f42a95f94d67e78ddf) Importer(815301076,1909f56bfc062723c751e8b465ee728b)
Start importing Assets/Models/MP7.fbx using Guid(2331720b8faed3f42a95f94d67e78ddf) Importer(815301076,1909f56bfc062723c751e8b465ee728b)  -> (artifact id: 'c19b42d06ef4e9aae9b421307277cf16') in 0.464205 seconds 
========================================================================
Received Import Request.
  Time since last request: 0.956535 seconds.
  path: Assets/Prefabs
  artifactKey: Guid(30f30fad808da2a43b2fb58a72790016) Importer(815301076,1909f56bfc062723c751e8b465ee728b)
Start importing Assets/Prefabs using Guid(30f30fad808da2a43b2fb58a72790016) Importer(815301076,1909f56bfc062723c751e8b465ee728b)  -> (artifact id: '696262c251a39b0965e48874235c0d6c') in 0.002188 seconds 
========================================================================
Received Import Request.
  Time since last request: 19.015231 seconds.
  path: Assets/MP7Dis_Material_AlbedoTransparency.png
  artifactKey: Guid(689ffca969bddb142bd8f7e6e70a8684) Importer(815301076,1909f56bfc062723c751e8b465ee728b)
Start importing Assets/MP7Dis_Material_AlbedoTransparency.png using Guid(689ffca969bddb142bd8f7e6e70a8684) Importer(815301076,1909f56bfc062723c751e8b465ee728b)  -> (artifact id: 'd9053c823f275350a17cdb25c38344f3') in 0.026257 seconds 
========================================================================
Received Import Request.
  Time since last request: 0.000021 seconds.
  path: Assets/MP7Dis_Material_Roughness.png
  artifactKey: Guid(2b633d06ed163d2439ed59e102e6d6d4) Importer(815301076,1909f56bfc062723c751e8b465ee728b)
Start importing Assets/MP7Dis_Material_Roughness.png using Guid(2b633d06ed163d2439ed59e102e6d6d4) Importer(815301076,1909f56bfc062723c751e8b465ee728b)  -> (artifact id: '1e7caa85ab9d1d07a1e244451347f57a') in 0.019179 seconds 
========================================================================
Received Import Request.
  Time since last request: 0.000026 seconds.
  path: Assets/MP7Dis_Material_NormalOpenGL.png
  artifactKey: Guid(bd37273270edd4e4aaec0bcf8ba8fa3a) Importer(815301076,1909f56bfc062723c751e8b465ee728b)
Start importing Assets/MP7Dis_Material_NormalOpenGL.png using Guid(bd37273270edd4e4aaec0bcf8ba8fa3a) Importer(815301076,1909f56bfc062723c751e8b465ee728b)  -> (artifact id: 'ac6f28cdba006601e51b19df7ac413c2') in 0.023368 seconds 
========================================================================
Received Import Request.
  Time since last request: 1.539710 seconds.
  path: Assets/Materials/MP7_Mat.mat
  artifactKey: Guid(20175f90d3a768444827e468728e28a8) Importer(815301076,1909f56bfc062723c751e8b465ee728b)
Start importing Assets/Materials/MP7_Mat.mat using Guid(20175f90d3a768444827e468728e28a8) Importer(815301076,1909f56bfc062723c751e8b465ee728b)  -> (artifact id: 'fd50f704e8c198409720a797b44e3dcf') in 0.007852 seconds 
========================================================================
Received Import Request.
  Time since last request: 102.867846 seconds.
  path: Assets/Materials
  artifactKey: Guid(12836d7a43290a44096bf3bd58871981) Importer(815301076,1909f56bfc062723c751e8b465ee728b)
Start importing Assets/Materials using Guid(12836d7a43290a44096bf3bd58871981) Importer(815301076,1909f56bfc062723c751e8b465ee728b)  -> (artifact id: '7c0b6dae0df7c7e471f2f828279c53af') in 0.002043 seconds 
========================================================================
Received Import Request.
  Time since last request: 3.493128 seconds.
  path: Assets/Materials/MP7_Mat.mat
  artifactKey: Guid(667a0f041e278c64cb1edf3b8e561730) Importer(815301076,1909f56bfc062723c751e8b465ee728b)
Start importing Assets/Materials/MP7_Mat.mat using Guid(667a0f041e278c64cb1edf3b8e561730) Importer(815301076,1909f56bfc062723c751e8b465ee728b)  -> (artifact id: '91cf679c249bbfd8ddb503f9f6811d8a') in 0.008305 seconds 
========================================================================
Received Import Request.
  Time since last request: 6.335488 seconds.
  path: Assets/Textures/MP7Dis_Material_AlbedoTransparency.png
  artifactKey: Guid(58dcc03e23b2a6e41bf0c9012034cd88) Importer(815301076,1909f56bfc062723c751e8b465ee728b)
Start importing Assets/Textures/MP7Dis_Material_AlbedoTransparency.png using Guid(58dcc03e23b2a6e41bf0c9012034cd88) Importer(815301076,1909f56bfc062723c751e8b465ee728b)  -> (artifact id: '1a55ea8e6ddfb34f47d9dbe00424afca') in 0.018360 seconds 
========================================================================
Received Import Request.
  Time since last request: 0.000033 seconds.
  path: Assets/Textures/MP7Dis_Material_MetallicSmoothness.png
  artifactKey: Guid(7287f3e07c57d4343b633b079e9d0267) Importer(815301076,1909f56bfc062723c751e8b465ee728b)
Start importing Assets/Textures/MP7Dis_Material_MetallicSmoothness.png using Guid(7287f3e07c57d4343b633b079e9d0267) Importer(815301076,1909f56bfc062723c751e8b465ee728b)  -> (artifact id: 'e51ae8edd6a4e47887e6ebccfb1c9ba5') in 0.071304 seconds 
========================================================================
Received Import Request.
  Time since last request: 0.000036 seconds.
  path: Assets/Textures/MP7Dis_Material_Height.png
  artifactKey: Guid(01d926b3733a995449af2bf2c8657e6b) Importer(815301076,1909f56bfc062723c751e8b465ee728b)
Start importing Assets/Textures/MP7Dis_Material_Height.png using Guid(01d926b3733a995449af2bf2c8657e6b) Importer(815301076,1909f56bfc062723c751e8b465ee728b)  -> (artifact id: '9ef1eb3d8843cadaa9fcd8d678d77194') in 0.015618 seconds 
========================================================================
Received Import Request.
  Time since last request: 0.000034 seconds.
  path: Assets/Textures/MP7Dis_Material_NormalDirectX.png
  artifactKey: Guid(59232e24d2ef778408167382384a1863) Importer(815301076,1909f56bfc062723c751e8b465ee728b)
Start importing Assets/Textures/MP7Dis_Material_NormalDirectX.png using Guid(59232e24d2ef778408167382384a1863) Importer(815301076,1909f56bfc062723c751e8b465ee728b)  -> (artifact id: '8aa2c29688c1aea25ae50b00a5b72e02') in 0.021857 seconds 
========================================================================
Received Import Request.
  Time since last request: 0.000024 seconds.
  path: Assets/Textures/MP7Dis_Material_Emission.png
  artifactKey: Guid(af7d4464a6df0d9429845e5156470800) Importer(815301076,1909f56bfc062723c751e8b465ee728b)
Start importing Assets/Textures/MP7Dis_Material_Emission.png using Guid(af7d4464a6df0d9429845e5156470800) Importer(815301076,1909f56bfc062723c751e8b465ee728b)  -> (artifact id: '06fdc01fef4e916e0036737b88606798') in 0.027471 seconds 
========================================================================
Received Import Request.
  Time since last request: 40.475928 seconds.
  path: Assets/Textures
  artifactKey: Guid(de82a465bb72bfc479b7b3e0b47a7e33) Importer(815301076,1909f56bfc062723c751e8b465ee728b)
Start importing Assets/Textures using Guid(de82a465bb72bfc479b7b3e0b47a7e33) Importer(815301076,1909f56bfc062723c751e8b465ee728b)  -> (artifact id: 'fdab12db67aae045d955240cbc307221') in 0.002292 seconds 
========================================================================
Received Import Request.
  Time since last request: 2.487827 seconds.
  path: Assets/Models
  artifactKey: Guid(8abd102ec1975c349b77398ebee23149) Importer(815301076,1909f56bfc062723c751e8b465ee728b)
Start importing Assets/Models using Guid(8abd102ec1975c349b77398ebee23149) Importer(815301076,1909f56bfc062723c751e8b465ee728b)  -> (artifact id: 'ccb8a45512cde96535be721330ed31d1') in 0.002180 seconds 
========================================================================
Received Import Request.
  Time since last request: 0.038157 seconds.
  path: Assets/Models/MP7.fbx
  artifactKey: Guid(94155403420039848b81c276f3d3306d) Importer(815301076,1909f56bfc062723c751e8b465ee728b)
Start importing Assets/Models/MP7.fbx using Guid(94155403420039848b81c276f3d3306d) Importer(815301076,1909f56bfc062723c751e8b465ee728b)  -> (artifact id: '1c6414b07aa1d61c884afd6dc6594657') in 0.435450 seconds 
========================================================================
Received Import Request.
  Time since last request: 30.235284 seconds.
  path: Assets/Prefabs
  artifactKey: Guid(5a3ab9eb19494c04a891bd7936a707f4) Importer(815301076,1909f56bfc062723c751e8b465ee728b)
Start importing Assets/Prefabs using Guid(5a3ab9eb19494c04a891bd7936a707f4) Importer(815301076,1909f56bfc062723c751e8b465ee728b)  -> (artifact id: 'ae838bf2f8688a8b5b157029738b3c2f') in 0.002064 seconds 
========================================================================
Received Import Request.
  Time since last request: 0.918982 seconds.
  path: Assets/Prefabs/MP7.prefab
  artifactKey: Guid(808e7c949f2177446b96caeb6410e9cd) Importer(815301076,1909f56bfc062723c751e8b465ee728b)
Start importing Assets/Prefabs/MP7.prefab using Guid(808e7c949f2177446b96caeb6410e9cd) Importer(815301076,1909f56bfc062723c751e8b465ee728b)  -> (artifact id: '431a3f3db498b844244fa62bdfe4b673') in 0.006840 seconds 
========================================================================
Received Import Request.
  Time since last request: 159.125933 seconds.
  path: Assets/Prefabs/MP7.prefab
  artifactKey: Guid(808e7c949f2177446b96caeb6410e9cd) Importer(815301076,1909f56bfc062723c751e8b465ee728b)
Start importing Assets/Prefabs/MP7.prefab using Guid(808e7c949f2177446b96caeb6410e9cd) Importer(815301076,1909f56bfc062723c751e8b465ee728b)  -> (artifact id: '9ea80e0cc347caebd832fc1eb08682f9') in 0.022638 seconds 
========================================================================
Received Import Request.
  Time since last request: 35.684020 seconds.
  path: Assets/Prefabs/MP7 1.prefab
  artifactKey: Guid(32a9dba3c94afe743bb03a5b164f9f43) Importer(815301076,1909f56bfc062723c751e8b465ee728b)
Start importing Assets/Prefabs/MP7 1.prefab using Guid(32a9dba3c94afe743bb03a5b164f9f43) Importer(815301076,1909f56bfc062723c751e8b465ee728b)  -> (artifact id: 'be492f5ad3958fc4157b03cd6717c62a') in 0.019633 seconds 
========================================================================
Received Import Request.
  Time since last request: 5.177103 seconds.
  path: Assets/Prefabs/MP7.prefab
  artifactKey: Guid(808e7c949f2177446b96caeb6410e9cd) Importer(815301076,1909f56bfc062723c751e8b465ee728b)
Start importing Assets/Prefabs/MP7.prefab using Guid(808e7c949f2177446b96caeb6410e9cd) Importer(815301076,1909f56bfc062723c751e8b465ee728b)  -> (artifact id: '48b665e45ffffc108484234da3959014') in 0.021621 seconds 
========================================================================
Received Import Request.
  Time since last request: 35.963871 seconds.
  path: Assets/Prefabs/MP7.prefab
  artifactKey: Guid(808e7c949f2177446b96caeb6410e9cd) Importer(815301076,1909f56bfc062723c751e8b465ee728b)
Start importing Assets/Prefabs/MP7.prefab using Guid(808e7c949f2177446b96caeb6410e9cd) Importer(815301076,1909f56bfc062723c751e8b465ee728b)  -> (artifact id: 'b38a999c5c8d2a622eeecbf44af0ce5a') in 0.046761 seconds 
========================================================================
Received Import Request.
  Time since last request: 7.344349 seconds.
  path: Assets/Prefabs/Player.prefab
  artifactKey: Guid(8b6367a8e1082de4d94e9564ecfc4bc9) Importer(815301076,1909f56bfc062723c751e8b465ee728b)
Start importing Assets/Prefabs/Player.prefab using Guid(8b6367a8e1082de4d94e9564ecfc4bc9) Importer(815301076,1909f56bfc062723c751e8b465ee728b)  -> (artifact id: 'c47c5f45614c3d04900626cb77548845') in 0.039134 seconds 
========================================================================
Received Import Request.
  Time since last request: 14.591865 seconds.
  path: Assets/Prefabs/Player.prefab
  artifactKey: Guid(8b6367a8e1082de4d94e9564ecfc4bc9) Importer(815301076,1909f56bfc062723c751e8b465ee728b)
Start importing Assets/Prefabs/Player.prefab using Guid(8b6367a8e1082de4d94e9564ecfc4bc9) Importer(815301076,1909f56bfc062723c751e8b465ee728b)  -> (artifact id: 'cc7d09606059c95bfd6fb39dde7ee5cd') in 0.012267 seconds 
========================================================================
Received Import Request.
  Time since last request: 22.632924 seconds.
  path: Assets/Models/Player.prefab
  artifactKey: Guid(900141d093f72234eb1d4a0d0fb02825) Importer(815301076,1909f56bfc062723c751e8b465ee728b)
Start importing Assets/Models/Player.prefab using Guid(900141d093f72234eb1d4a0d0fb02825) Importer(815301076,1909f56bfc062723c751e8b465ee728b)  -> (artifact id: '40a5a6bf8c78b7d58fac2e13b089f174') in 0.040677 seconds 
========================================================================
Received Import Request.
  Time since last request: 24.266834 seconds.
  path: Assets/Scenes/MapPrototype.unity
  artifactKey: Guid(274376351ac208d42aa09129351b2ba1) Importer(815301076,1909f56bfc062723c751e8b465ee728b)
Start importing Assets/Scenes/MapPrototype.unity using Guid(274376351ac208d42aa09129351b2ba1) Importer(815301076,1909f56bfc062723c751e8b465ee728b)  -> (artifact id: '037ee2834cf0c4c3fc026ba8f84b88f3') in 0.002492 seconds 
========================================================================
Received Import Request.
  Time since last request: 18.043938 seconds.
  path: Assets/Materials/MP7_Mat.mat
  artifactKey: Guid(667a0f041e278c64cb1edf3b8e561730) Importer(815301076,1909f56bfc062723c751e8b465ee728b)
Start importing Assets/Materials/MP7_Mat.mat using Guid(667a0f041e278c64cb1edf3b8e561730) Importer(815301076,1909f56bfc062723c751e8b465ee728b)  -> (artifact id: '312f9a32bba0599b575689c5b6517f37') in 0.025383 seconds 
========================================================================
Received Import Request.
  Time since last request: 10.945962 seconds.
  path: Assets/Materials/New Material.mat
  artifactKey: Guid(1f5166162adff774fb4b1465f4577617) Importer(815301076,1909f56bfc062723c751e8b465ee728b)
Start importing Assets/Materials/New Material.mat using Guid(1f5166162adff774fb4b1465f4577617) Importer(815301076,1909f56bfc062723c751e8b465ee728b)  -> (artifact id: '95a9d78e2f560c5dfa62f493b9a34fba') in 0.012527 seconds 
========================================================================
Received Prepare
Registering precompiled user dll's ...
Registered in 0.007426 seconds.
Begin MonoManager ReloadAssembly
Symbol file LoadedFromMemory doesn't match image I:\Ela\GAMES\FPS Escape R7\Library\PackageCache\com.unity.visualscripting@1.7.6\Editor\VisualScripting.Core\Dependencies\YamlDotNet\Unity.VisualScripting.YamlDotNet.dll
Symbol file LoadedFromMemory doesn't match image I:\Ela\GAMES\FPS Escape R7\Library\PackageCache\com.unity.visualscripting@1.7.6\Editor\VisualScripting.Core\Dependencies\DotNetZip\Unity.VisualScripting.IonicZip.dll
Native extension for WindowsStandalone target not found
Native extension for OSXStandalone target not found
Refreshing native plugins compatible for Editor in 0.97 ms, found 3 plugins.
Preloading 0 native plugins for Editor in 0.00 ms.
Mono: successfully reloaded assembly
- Completed reload, in  1.356 seconds
Domain Reload Profiling:
	ReloadAssembly (1356ms)
		BeginReloadAssembly (164ms)
			ExecutionOrderSort (0ms)
			DisableScriptedObjects (5ms)
			BackupInstance (0ms)
			ReleaseScriptingObjects (0ms)
			CreateAndSetChildDomain (45ms)
		EndReloadAssembly (1072ms)
			LoadAssemblies (99ms)
			RebuildTransferFunctionScriptingTraits (0ms)
			SetupTypeCache (318ms)
			ReleaseScriptCaches (2ms)
			RebuildScriptCaches (52ms)
			SetupLoadedEditorAssemblies (533ms)
				LogAssemblyErrors (0ms)
				InitializePlatformSupportModulesInManaged (20ms)
				SetLoadedEditorAssemblies (1ms)
				RefreshPlugins (1ms)
				BeforeProcessingInitializeOnLoad (88ms)
				ProcessInitializeOnLoadAttributes (377ms)
				ProcessInitializeOnLoadMethodAttributes (34ms)
				AfterProcessingInitializeOnLoad (12ms)
				EditorAssembliesLoaded (0ms)
			ExecutionOrderSort2 (0ms)
			AwakeInstancesAfterBackupRestoration (17ms)
Platform modules already initialized, skipping
Refreshing native plugins compatible for Editor in 1.15 ms, found 3 plugins.
Preloading 0 native plugins for Editor in 0.00 ms.
Unloading 3722 Unused Serialized files (Serialized files now loaded: 0)
Unloading 28 unused Assets / (79.3 KB). Loaded Objects now: 4482.
Memory consumption went from 173.4 MB to 173.3 MB.
Total: 4.302000 ms (FindLiveObjects: 0.383200 ms CreateObjectMapping: 0.102100 ms MarkObjects: 3.705000 ms  DeleteObjects: 0.110000 ms)

AssetImportParameters requested are different than current active one (requested -> active):
  custom:video-decoder-ogg-theora: a1e56fd34408186e4bbccfd4996cb3dc -> 
  custom:container-muxer-webm: aa71ff27fc2769a1b78a27578f13a17b -> 
  custom:container-demuxer-webm: 4f35f7cbe854078d1ac9338744f61a02 -> 
  custom:video-encoder-webm-vp8: eb34c28f22e8b96e1ab97ce403110664 -> 
  custom:audio-encoder-webm-vorbis: bf7c407c2cedff20999df2af8eb42d56 -> 
  custom:framework-win-MediaFoundation: 216162199b28c13a410421893ffa2e32 -> 
  custom:container-demuxer-ogg: 62fdf1f143b41e24485cea50d1cbac27 -> 
  custom:video-decoder-webm-vp8: 9c59270c3fd7afecdb556c50c9e8de78 -> 
  custom:audio-decoder-ogg-vorbis: bf7c407c2cedff20999df2af8eb42d56 -> 
========================================================================
Received Prepare
Registering precompiled user dll's ...
Registered in 0.007369 seconds.
Begin MonoManager ReloadAssembly
Symbol file LoadedFromMemory doesn't match image I:\Ela\GAMES\FPS Escape R7\Library\PackageCache\com.unity.visualscripting@1.7.6\Editor\VisualScripting.Core\Dependencies\YamlDotNet\Unity.VisualScripting.YamlDotNet.dll
Symbol file LoadedFromMemory doesn't match image I:\Ela\GAMES\FPS Escape R7\Library\PackageCache\com.unity.visualscripting@1.7.6\Editor\VisualScripting.Core\Dependencies\DotNetZip\Unity.VisualScripting.IonicZip.dll
Native extension for WindowsStandalone target not found
Native extension for OSXStandalone target not found
Refreshing native plugins compatible for Editor in 0.72 ms, found 3 plugins.
Preloading 0 native plugins for Editor in 0.00 ms.
Mono: successfully reloaded assembly
- Completed reload, in  1.311 seconds
Domain Reload Profiling:
	ReloadAssembly (1312ms)
		BeginReloadAssembly (155ms)
			ExecutionOrderSort (0ms)
			DisableScriptedObjects (9ms)
			BackupInstance (0ms)
			ReleaseScriptingObjects (0ms)
			CreateAndSetChildDomain (40ms)
		EndReloadAssembly (1029ms)
			LoadAssemblies (93ms)
			RebuildTransferFunctionScriptingTraits (0ms)
			SetupTypeCache (308ms)
			ReleaseScriptCaches (1ms)
			RebuildScriptCaches (46ms)
			SetupLoadedEditorAssemblies (519ms)
				LogAssemblyErrors (0ms)
				InitializePlatformSupportModulesInManaged (19ms)
				SetLoadedEditorAssemblies (1ms)
				RefreshPlugins (1ms)
				BeforeProcessingInitializeOnLoad (89ms)
				ProcessInitializeOnLoadAttributes (363ms)
				ProcessInitializeOnLoadMethodAttributes (33ms)
				AfterProcessingInitializeOnLoad (12ms)
				EditorAssembliesLoaded (0ms)
			ExecutionOrderSort2 (0ms)
			AwakeInstancesAfterBackupRestoration (17ms)
Platform modules already initialized, skipping
Refreshing native plugins compatible for Editor in 0.86 ms, found 3 plugins.
Preloading 0 native plugins for Editor in 0.00 ms.
Unloading 3717 Unused Serialized files (Serialized files now loaded: 0)
Unloading 28 unused Assets / (79.5 KB). Loaded Objects now: 4484.
Memory consumption went from 173.2 MB to 173.1 MB.
Total: 4.358600 ms (FindLiveObjects: 0.451000 ms CreateObjectMapping: 0.168700 ms MarkObjects: 3.637300 ms  DeleteObjects: 0.099600 ms)

AssetImportParameters requested are different than current active one (requested -> active):
  custom:video-decoder-ogg-theora: a1e56fd34408186e4bbccfd4996cb3dc -> 
  custom:container-muxer-webm: aa71ff27fc2769a1b78a27578f13a17b -> 
  custom:container-demuxer-webm: 4f35f7cbe854078d1ac9338744f61a02 -> 
  custom:video-encoder-webm-vp8: eb34c28f22e8b96e1ab97ce403110664 -> 
  custom:audio-encoder-webm-vorbis: bf7c407c2cedff20999df2af8eb42d56 -> 
  custom:framework-win-MediaFoundation: 216162199b28c13a410421893ffa2e32 -> 
  custom:container-demuxer-ogg: 62fdf1f143b41e24485cea50d1cbac27 -> 
  custom:video-decoder-webm-vp8: 9c59270c3fd7afecdb556c50c9e8de78 -> 
  custom:audio-decoder-ogg-vorbis: bf7c407c2cedff20999df2af8eb42d56 -> 
========================================================================
Received Import Request.
  Time since last request: 205.096407 seconds.
  path: Assets/_TerrainAutoUpgrade
  artifactKey: Guid(821778c97a5462a4498ff39f1f0e5b16) Importer(815301076,1909f56bfc062723c751e8b465ee728b)
Start importing Assets/_TerrainAutoUpgrade using Guid(821778c97a5462a4498ff39f1f0e5b16) Importer(815301076,1909f56bfc062723c751e8b465ee728b)  -> (artifact id: '9679a1261b2ae7bf6282080528d2596a') in 0.011826 seconds 
========================================================================
Received Import Request.
  Time since last request: 0.601552 seconds.
  path: Assets/_TerrainAutoUpgrade/layer_proto_35cf3da06f5211986.terrainlayer
  artifactKey: Guid(d679f5ce725198f419ad213c3c60ba61) Importer(815301076,1909f56bfc062723c751e8b465ee728b)
Start importing Assets/_TerrainAutoUpgrade/layer_proto_35cf3da06f5211986.terrainlayer using Guid(d679f5ce725198f419ad213c3c60ba61) Importer(815301076,1909f56bfc062723c751e8b465ee728b)  -> (artifact id: '1fd9d2540fc38775fb528046114eea03') in 0.041603 seconds 
========================================================================
Received Import Request.
  Time since last request: 0.987854 seconds.
  path: Assets/DigitalKonstrukt
  artifactKey: Guid(6e1d5cac87238414bb8cf608df757034) Importer(815301076,1909f56bfc062723c751e8b465ee728b)
Start importing Assets/DigitalKonstrukt using Guid(6e1d5cac87238414bb8cf608df757034) Importer(815301076,1909f56bfc062723c751e8b465ee728b)  -> (artifact id: 'ff5c6328a37aa1ca031fc06ad30b0810') in 0.005969 seconds 
========================================================================
Received Import Request.
  Time since last request: 0.775258 seconds.
  path: Assets/DigitalKonstrukt/Prototyping_Pack_Free
  artifactKey: Guid(3ff2d8f16365535439cb9478cabedc4d) Importer(815301076,1909f56bfc062723c751e8b465ee728b)
Start importing Assets/DigitalKonstrukt/Prototyping_Pack_Free using Guid(3ff2d8f16365535439cb9478cabedc4d) Importer(815301076,1909f56bfc062723c751e8b465ee728b)  -> (artifact id: 'de4cf7d9b8cf015aed1fd32a5fbaba24') in 0.005824 seconds 
========================================================================
Received Import Request.
  Time since last request: 0.877511 seconds.
  path: Assets/DigitalKonstrukt/Prototyping_Pack_Free/Resources
  artifactKey: Guid(dc4bb0fafa82d884481178ef46e29fdd) Importer(815301076,1909f56bfc062723c751e8b465ee728b)
Start importing Assets/DigitalKonstrukt/Prototyping_Pack_Free/Resources using Guid(dc4bb0fafa82d884481178ef46e29fdd) Importer(815301076,1909f56bfc062723c751e8b465ee728b)  -> (artifact id: '521e50cc8c993b1f219d8ee467fedc65') in 0.006114 seconds 
========================================================================
Received Import Request.
  Time since last request: 0.852172 seconds.
  path: Assets/DigitalKonstrukt/Prototyping_Pack_Free/Resources/Meshes
  artifactKey: Guid(db1e30aa142cdcd43bba7bf2a94e9639) Importer(815301076,1909f56bfc062723c751e8b465ee728b)
Start importing Assets/DigitalKonstrukt/Prototyping_Pack_Free/Resources/Meshes using Guid(db1e30aa142cdcd43bba7bf2a94e9639) Importer(815301076,1909f56bfc062723c751e8b465ee728b)  -> (artifact id: 'a794ed0843551014358c1c61f458233d') in 0.005932 seconds 
========================================================================
Received Import Request.
  Time since last request: 1.142305 seconds.
  path: Assets/DigitalKonstrukt/Prototyping_Pack_Free/Resources/Meshes/Cubes
  artifactKey: Guid(1eff359c45635624b9f3f21957f78ec6) Importer(815301076,1909f56bfc062723c751e8b465ee728b)
Start importing Assets/DigitalKonstrukt/Prototyping_Pack_Free/Resources/Meshes/Cubes using Guid(1eff359c45635624b9f3f21957f78ec6) Importer(815301076,1909f56bfc062723c751e8b465ee728b)  -> (artifact id: '27e1119ded8b6cb8d6659fca722839ec') in 0.006137 seconds 
========================================================================
Received Import Request.
  Time since last request: 0.208882 seconds.
  path: Assets/DigitalKonstrukt/Prototyping_Pack_Free/Resources/Meshes/Cubes/PTK_Cube_1.fbx
  artifactKey: Guid(144fafb731a4b4944b48596f3688afb4) Importer(815301076,1909f56bfc062723c751e8b465ee728b)
Start importing Assets/DigitalKonstrukt/Prototyping_Pack_Free/Resources/Meshes/Cubes/PTK_Cube_1.fbx using Guid(144fafb731a4b4944b48596f3688afb4) Importer(815301076,1909f56bfc062723c751e8b465ee728b)  -> (artifact id: '3cebb6a9bc851be2d17f7e46af8675ad') in 0.062200 seconds 
========================================================================
Received Import Request.
  Time since last request: 5.114902 seconds.
  path: Assets/DigitalKonstrukt/Prototyping_Pack_Free/Resources/Prefabs
  artifactKey: Guid(2db27146764ff844aa1e335ac9a938ff) Importer(815301076,1909f56bfc062723c751e8b465ee728b)
Start importing Assets/DigitalKonstrukt/Prototyping_Pack_Free/Resources/Prefabs using Guid(2db27146764ff844aa1e335ac9a938ff) Importer(815301076,1909f56bfc062723c751e8b465ee728b)  -> (artifact id: 'fd6647df3b8192e59417b022887691cf') in 0.006330 seconds 
========================================================================
Received Import Request.
  Time since last request: 0.026636 seconds.
  path: Assets/DigitalKonstrukt/Prototyping_Pack_Free/Resources/Prefabs/PTK_Tunnel.prefab
  artifactKey: Guid(fec82ffc1d9b9a54b9d7815dc89c9b67) Importer(815301076,1909f56bfc062723c751e8b465ee728b)
Start importing Assets/DigitalKonstrukt/Prototyping_Pack_Free/Resources/Prefabs/PTK_Tunnel.prefab using Guid(fec82ffc1d9b9a54b9d7815dc89c9b67) Importer(815301076,1909f56bfc062723c751e8b465ee728b)  -> (artifact id: 'e2748881d754c11a302ba12c95d57042') in 0.008602 seconds 
========================================================================
Received Import Request.
  Time since last request: 5.285460 seconds.
  path: Assets/DigitalKonstrukt/Prototyping_Pack_Free/Resources/Prefabs/Walls
  artifactKey: Guid(5dd1fa30c3793c4489c4cae55255db8e) Importer(815301076,1909f56bfc062723c751e8b465ee728b)
Start importing Assets/DigitalKonstrukt/Prototyping_Pack_Free/Resources/Prefabs/Walls using Guid(5dd1fa30c3793c4489c4cae55255db8e) Importer(815301076,1909f56bfc062723c751e8b465ee728b)  -> (artifact id: '089cebd7d5f9b5f93a31e1beb709c84b') in 0.006076 seconds 
========================================================================
Received Import Request.
  Time since last request: 0.064072 seconds.
  path: Assets/DigitalKonstrukt/Prototyping_Pack_Free/Resources/Prefabs/Walls/PTK_Wall_Large_1.prefab
  artifactKey: Guid(e60b9bdfa5d189e44b91680db5645e86) Importer(815301076,1909f56bfc062723c751e8b465ee728b)
Start importing Assets/DigitalKonstrukt/Prototyping_Pack_Free/Resources/Prefabs/Walls/PTK_Wall_Large_1.prefab using Guid(e60b9bdfa5d189e44b91680db5645e86) Importer(815301076,1909f56bfc062723c751e8b465ee728b)  -> (artifact id: 'f9ba00104782f824042389559803a91f') in 0.021847 seconds 
========================================================================
Received Import Request.
  Time since last request: 0.000033 seconds.
  path: Assets/DigitalKonstrukt/Prototyping_Pack_Free/Resources/Prefabs/Walls/PTK_Wall_Large_4.prefab
  artifactKey: Guid(209728b25a1dee7498573de68103a125) Importer(815301076,1909f56bfc062723c751e8b465ee728b)
Start importing Assets/DigitalKonstrukt/Prototyping_Pack_Free/Resources/Prefabs/Walls/PTK_Wall_Large_4.prefab using Guid(209728b25a1dee7498573de68103a125) Importer(815301076,1909f56bfc062723c751e8b465ee728b)  -> (artifact id: 'a51edce326fb481d528f07fe809f1801') in 0.018999 seconds 
========================================================================
Received Import Request.
  Time since last request: 0.000033 seconds.
  path: Assets/DigitalKonstrukt/Prototyping_Pack_Free/Resources/Prefabs/Walls/PTK_Wall_Medium_1.prefab
  artifactKey: Guid(f22c6b28664f53d45a7182c78eb84eba) Importer(815301076,1909f56bfc062723c751e8b465ee728b)
Start importing Assets/DigitalKonstrukt/Prototyping_Pack_Free/Resources/Prefabs/Walls/PTK_Wall_Medium_1.prefab using Guid(f22c6b28664f53d45a7182c78eb84eba) Importer(815301076,1909f56bfc062723c751e8b465ee728b)  -> (artifact id: '031ac2fb17881e5fc6025c266c5bff24') in 0.018835 seconds 
========================================================================
Received Import Request.
  Time since last request: 0.000052 seconds.
  path: Assets/DigitalKonstrukt/Prototyping_Pack_Free/Resources/Prefabs/Walls/PTK_Wall_Small_5.prefab
  artifactKey: Guid(3e14265d9e8070c41b0dfd34823b9296) Importer(815301076,1909f56bfc062723c751e8b465ee728b)
Start importing Assets/DigitalKonstrukt/Prototyping_Pack_Free/Resources/Prefabs/Walls/PTK_Wall_Small_5.prefab using Guid(3e14265d9e8070c41b0dfd34823b9296) Importer(815301076,1909f56bfc062723c751e8b465ee728b)  -> (artifact id: '8d766ff222bbb71d0c601b7460a8474d') in 0.024014 seconds 
========================================================================
Received Import Request.
  Time since last request: 0.000044 seconds.
  path: Assets/DigitalKonstrukt/Prototyping_Pack_Free/Resources/Prefabs/Walls/PTK_Wall_Medium_5.prefab
  artifactKey: Guid(f024a2bac71fe964292a9b1796e21d6a) Importer(815301076,1909f56bfc062723c751e8b465ee728b)
Start importing Assets/DigitalKonstrukt/Prototyping_Pack_Free/Resources/Prefabs/Walls/PTK_Wall_Medium_5.prefab using Guid(f024a2bac71fe964292a9b1796e21d6a) Importer(815301076,1909f56bfc062723c751e8b465ee728b)  -> (artifact id: '7c57038cfdbc67678ed9cafeaf615374') in 0.019818 seconds 
========================================================================
Received Import Request.
  Time since last request: 0.000049 seconds.
  path: Assets/DigitalKonstrukt/Prototyping_Pack_Free/Resources/Prefabs/Walls/PTK_Wall_Small_1.prefab
  artifactKey: Guid(4a3e3d619290a354eb1f0b00faa6dc2b) Importer(815301076,1909f56bfc062723c751e8b465ee728b)
Start importing Assets/DigitalKonstrukt/Prototyping_Pack_Free/Resources/Prefabs/Walls/PTK_Wall_Small_1.prefab using Guid(4a3e3d619290a354eb1f0b00faa6dc2b) Importer(815301076,1909f56bfc062723c751e8b465ee728b)  -> (artifact id: 'dcdab9b1b3fb4c52f2ab429e2dc008d1') in 0.019601 seconds 
========================================================================
Received Import Request.
  Time since last request: 0.000026 seconds.
  path: Assets/DigitalKonstrukt/Prototyping_Pack_Free/Resources/Prefabs/Walls/PTK_Wall_Small_2.prefab
  artifactKey: Guid(f30311a07dfed684a81dea417623c73c) Importer(815301076,1909f56bfc062723c751e8b465ee728b)
Start importing Assets/DigitalKonstrukt/Prototyping_Pack_Free/Resources/Prefabs/Walls/PTK_Wall_Small_2.prefab using Guid(f30311a07dfed684a81dea417623c73c) Importer(815301076,1909f56bfc062723c751e8b465ee728b)  -> (artifact id: '7c9d7606d70aac9ec1dc67d1e5f7c45c') in 0.015950 seconds 
========================================================================
Received Import Request.
  Time since last request: 0.000036 seconds.
  path: Assets/DigitalKonstrukt/Prototyping_Pack_Free/Resources/Prefabs/Walls/PTK_Wall_Small_3.prefab
  artifactKey: Guid(53f90171c21a00e45b92815d46d3d994) Importer(815301076,1909f56bfc062723c751e8b465ee728b)
Start importing Assets/DigitalKonstrukt/Prototyping_Pack_Free/Resources/Prefabs/Walls/PTK_Wall_Small_3.prefab using Guid(53f90171c21a00e45b92815d46d3d994) Importer(815301076,1909f56bfc062723c751e8b465ee728b)  -> (artifact id: 'ca9102ccb82c6dd5d06becc5867df6ac') in 0.016734 seconds 
========================================================================
Received Import Request.
  Time since last request: 3.339872 seconds.
  path: Assets/DigitalKonstrukt/Prototyping_Pack_Free/Resources/Prefabs/Cuboids
  artifactKey: Guid(ffbd39014ddfd1a439b79dfc998444b3) Importer(815301076,1909f56bfc062723c751e8b465ee728b)
Start importing Assets/DigitalKonstrukt/Prototyping_Pack_Free/Resources/Prefabs/Cuboids using Guid(ffbd39014ddfd1a439b79dfc998444b3) Importer(815301076,1909f56bfc062723c751e8b465ee728b)  -> (artifact id: '29f84dd5da727c707c38c4b0dfc4031b') in 0.006818 seconds 
========================================================================
Received Import Request.
  Time since last request: 0.062082 seconds.
  path: Assets/DigitalKonstrukt/Prototyping_Pack_Free/Resources/Prefabs/Cuboids/PTK_Cuboid_1.prefab
  artifactKey: Guid(88ccea9d275542b47a02cf9575d5864b) Importer(815301076,1909f56bfc062723c751e8b465ee728b)
Start importing Assets/DigitalKonstrukt/Prototyping_Pack_Free/Resources/Prefabs/Cuboids/PTK_Cuboid_1.prefab using Guid(88ccea9d275542b47a02cf9575d5864b) Importer(815301076,1909f56bfc062723c751e8b465ee728b)  -> (artifact id: '6505b862e54f87eec826e3cc35f5e45a') in 0.014362 seconds 
========================================================================
Received Import Request.
  Time since last request: 0.000027 seconds.
  path: Assets/DigitalKonstrukt/Prototyping_Pack_Free/Resources/Prefabs/Cuboids/PTK_Cuboid_3.prefab
  artifactKey: Guid(8b9239982e8f5194bae7e3df2b6cd9b0) Importer(815301076,1909f56bfc062723c751e8b465ee728b)
Start importing Assets/DigitalKonstrukt/Prototyping_Pack_Free/Resources/Prefabs/Cuboids/PTK_Cuboid_3.prefab using Guid(8b9239982e8f5194bae7e3df2b6cd9b0) Importer(815301076,1909f56bfc062723c751e8b465ee728b)  -> (artifact id: 'a1bef428fe8f2f2f076ebddfe37d427b') in 0.015381 seconds 
========================================================================
Received Import Request.
  Time since last request: 0.000023 seconds.
  path: Assets/DigitalKonstrukt/Prototyping_Pack_Free/Resources/Prefabs/Cuboids/PTK_Cuboid_5.prefab
  artifactKey: Guid(db58b1eda8133c84983d20108c13888e) Importer(815301076,1909f56bfc062723c751e8b465ee728b)
Start importing Assets/DigitalKonstrukt/Prototyping_Pack_Free/Resources/Prefabs/Cuboids/PTK_Cuboid_5.prefab using Guid(db58b1eda8133c84983d20108c13888e) Importer(815301076,1909f56bfc062723c751e8b465ee728b)  -> (artifact id: '40631453d24aa9c11dca8e200896853e') in 0.014117 seconds 
Editor requested this worker to shutdown with reason: Scaling down because of idle timeout
AssetImportWorker is now disconnected from the server
Process exiting
Exiting without the bug reporter. Application will terminate with return code 0