Using pre-set license
Built from '2021.2/staging' branch; Version is '2021.2.10f1 (ee872746220e) revision 15632167'; Using compiler version '192829333'; Build Type 'Release'
OS: 'Windows 10  (10.0.19041) 64bit Professional' Language: 'en' Physical Memory: 16332 MB
BatchMode: 1, IsHumanControllingUs: 0, StartBugReporterOnCrash: 0, Is64bit: 1, IsPro: 0

COMMAND LINE ARGUMENTS:
C:\Program Files\Unity\Hub\Editor\2021.2.10f1\Editor\Unity.exe
-adb2
-batchMode
-noUpm
-name
AssetImportWorker21
-projectPath
I:/Ela/GAMES/FPS Escape R7
-logFile
Logs/AssetImportWorker21.log
-srvPort
54975
Successfully changed project path to: I:/Ela/GAMES/FPS Escape R7
I:/Ela/GAMES/FPS Escape R7
[UnityMemory] Configuration Parameters - Can be set up in boot.config
    "memorysetup-bucket-allocator-granularity=16"
    "memorysetup-bucket-allocator-bucket-count=8"
    "memorysetup-bucket-allocator-block-size=33554432"
    "memorysetup-bucket-allocator-block-count=8"
    "memorysetup-main-allocator-block-size=16777216"
    "memorysetup-thread-allocator-block-size=16777216"
    "memorysetup-gfx-main-allocator-block-size=16777216"
    "memorysetup-gfx-thread-allocator-block-size=16777216"
    "memorysetup-cache-allocator-block-size=4194304"
    "memorysetup-typetree-allocator-block-size=2097152"
    "memorysetup-profiler-bucket-allocator-granularity=16"
    "memorysetup-profiler-bucket-allocator-bucket-count=8"
    "memorysetup-profiler-bucket-allocator-block-size=33554432"
    "memorysetup-profiler-bucket-allocator-block-count=8"
    "memorysetup-profiler-allocator-block-size=16777216"
    "memorysetup-profiler-editor-allocator-block-size=1048576"
    "memorysetup-temp-allocator-size-main=16777216"
    "memorysetup-job-temp-allocator-block-size=2097152"
    "memorysetup-job-temp-allocator-block-size-background=1048576"
    "memorysetup-job-temp-allocator-reduction-small-platforms=262144"
    "memorysetup-temp-allocator-size-background-worker=32768"
    "memorysetup-temp-allocator-size-job-worker=262144"
    "memorysetup-temp-allocator-size-preload-manager=33554432"
    "memorysetup-temp-allocator-size-nav-mesh-worker=65536"
    "memorysetup-temp-allocator-size-audio-worker=65536"
    "memorysetup-temp-allocator-size-cloud-worker=32768"
    "memorysetup-temp-allocator-size-gi-baking-worker=262144"
    "memorysetup-temp-allocator-size-gfx=262144"
Refreshing native plugins compatible for Editor in 113.72 ms, found 3 plugins.
Preloading 0 native plugins for Editor in 0.00 ms.
Initialize engine version: 2021.2.10f1 (ee872746220e)
[Subsystems] Discovering subsystems at path C:/Program Files/Unity/Hub/Editor/2021.2.10f1/Editor/Data/Resources/UnitySubsystems
[Subsystems] Discovering subsystems at path I:/Ela/GAMES/FPS Escape R7/Assets
GfxDevice: creating device client; threaded=0; jobified=0
Direct3D:
    Version:  Direct3D 11.0 [level 11.1]
    Renderer: NVIDIA GeForce GTX 980 (ID=0x13c0)
    Vendor:   NVIDIA
    VRAM:     4053 MB
    Driver:   30.0.14.7168
Initialize mono
Mono path[0] = 'C:/Program Files/Unity/Hub/Editor/2021.2.10f1/Editor/Data/Managed'
Mono path[1] = 'C:/Program Files/Unity/Hub/Editor/2021.2.10f1/Editor/Data/MonoBleedingEdge/lib/mono/unityjit-win32'
Mono config path = 'C:/Program Files/Unity/Hub/Editor/2021.2.10f1/Editor/Data/MonoBleedingEdge/etc'
Using monoOptions --debugger-agent=transport=dt_socket,embedding=1,server=y,suspend=n,address=127.0.0.1:56684
Begin MonoManager ReloadAssembly
Registering precompiled unity dll's ...
Register platform support module: C:/Program Files/Unity/Hub/Editor/2021.2.10f1/Editor/Data/PlaybackEngines/MacStandaloneSupport/UnityEditor.OSXStandalone.Extensions.dll
Register platform support module: C:/Program Files/Unity/Hub/Editor/2021.2.10f1/Editor/Data/PlaybackEngines/WindowsStandaloneSupport/UnityEditor.WindowsStandalone.Extensions.dll
Registered in 0.010991 seconds.
Native extension for WindowsStandalone target not found
Native extension for OSXStandalone target not found
Refreshing native plugins compatible for Editor in 121.65 ms, found 3 plugins.
Preloading 0 native plugins for Editor in 0.00 ms.
Mono: successfully reloaded assembly
- Completed reload, in  0.843 seconds
Domain Reload Profiling:
	ReloadAssembly (844ms)
		BeginReloadAssembly (110ms)
			ExecutionOrderSort (0ms)
			DisableScriptedObjects (0ms)
			BackupInstance (0ms)
			ReleaseScriptingObjects (0ms)
			CreateAndSetChildDomain (1ms)
		EndReloadAssembly (626ms)
			LoadAssemblies (106ms)
			RebuildTransferFunctionScriptingTraits (0ms)
			SetupTypeCache (121ms)
			ReleaseScriptCaches (0ms)
			RebuildScriptCaches (49ms)
			SetupLoadedEditorAssemblies (380ms)
				LogAssemblyErrors (0ms)
				InitializePlatformSupportModulesInManaged (26ms)
				SetLoadedEditorAssemblies (0ms)
				RefreshPlugins (122ms)
				BeforeProcessingInitializeOnLoad (1ms)
				ProcessInitializeOnLoadAttributes (174ms)
				ProcessInitializeOnLoadMethodAttributes (56ms)
				AfterProcessingInitializeOnLoad (0ms)
				EditorAssembliesLoaded (0ms)
			ExecutionOrderSort2 (0ms)
			AwakeInstancesAfterBackupRestoration (0ms)
Platform modules already initialized, skipping
Registering precompiled user dll's ...
Registered in 0.008148 seconds.
Begin MonoManager ReloadAssembly
Symbol file LoadedFromMemory doesn't match image I:\Ela\GAMES\FPS Escape R7\Library\PackageCache\com.unity.visualscripting@1.7.6\Editor\VisualScripting.Core\Dependencies\YamlDotNet\Unity.VisualScripting.YamlDotNet.dll
Symbol file LoadedFromMemory doesn't match image I:\Ela\GAMES\FPS Escape R7\Library\PackageCache\com.unity.visualscripting@1.7.6\Editor\VisualScripting.Core\Dependencies\DotNetZip\Unity.VisualScripting.IonicZip.dll
Native extension for WindowsStandalone target not found
Native extension for OSXStandalone target not found
Refreshing native plugins compatible for Editor in 0.67 ms, found 3 plugins.
Preloading 0 native plugins for Editor in 0.00 ms.
Mono: successfully reloaded assembly
- Completed reload, in  1.902 seconds
Domain Reload Profiling:
	ReloadAssembly (1903ms)
		BeginReloadAssembly (148ms)
			ExecutionOrderSort (0ms)
			DisableScriptedObjects (7ms)
			BackupInstance (0ms)
			ReleaseScriptingObjects (0ms)
			CreateAndSetChildDomain (26ms)
		EndReloadAssembly (1623ms)
			LoadAssemblies (104ms)
			RebuildTransferFunctionScriptingTraits (0ms)
			SetupTypeCache (330ms)
			ReleaseScriptCaches (1ms)
			RebuildScriptCaches (73ms)
			SetupLoadedEditorAssemblies (1082ms)
				LogAssemblyErrors (0ms)
				InitializePlatformSupportModulesInManaged (19ms)
				SetLoadedEditorAssemblies (1ms)
				RefreshPlugins (1ms)
				BeforeProcessingInitializeOnLoad (111ms)
				ProcessInitializeOnLoadAttributes (905ms)
				ProcessInitializeOnLoadMethodAttributes (32ms)
				AfterProcessingInitializeOnLoad (15ms)
				EditorAssembliesLoaded (0ms)
			ExecutionOrderSort2 (0ms)
			AwakeInstancesAfterBackupRestoration (8ms)
Platform modules already initialized, skipping
========================================================================
Worker process is ready to serve import requests
Launched and connected shader compiler UnityShaderCompiler.exe after 0.81 seconds
Refreshing native plugins compatible for Editor in 0.75 ms, found 3 plugins.
Preloading 0 native plugins for Editor in 0.00 ms.
Unloading 3722 Unused Serialized files (Serialized files now loaded: 0)
Unloading 33 unused Assets / (112.8 KB). Loaded Objects now: 4190.
Memory consumption went from 156.4 MB to 156.3 MB.
Total: 4.496600 ms (FindLiveObjects: 0.418900 ms CreateObjectMapping: 0.115200 ms MarkObjects: 3.819100 ms  DeleteObjects: 0.142000 ms)

AssetImportParameters requested are different than current active one (requested -> active):
  custom:video-decoder-ogg-theora: a1e56fd34408186e4bbccfd4996cb3dc -> 
  custom:container-muxer-webm: aa71ff27fc2769a1b78a27578f13a17b -> 
  custom:container-demuxer-webm: 4f35f7cbe854078d1ac9338744f61a02 -> 
  custom:video-encoder-webm-vp8: eb34c28f22e8b96e1ab97ce403110664 -> 
  custom:audio-encoder-webm-vorbis: bf7c407c2cedff20999df2af8eb42d56 -> 
  custom:framework-win-MediaFoundation: 216162199b28c13a410421893ffa2e32 -> 
  custom:container-demuxer-ogg: 62fdf1f143b41e24485cea50d1cbac27 -> 
  custom:video-decoder-webm-vp8: 9c59270c3fd7afecdb556c50c9e8de78 -> 
  custom:audio-decoder-ogg-vorbis: bf7c407c2cedff20999df2af8eb42d56 -> 
========================================================================
Received Import Request.
  Time since last request: 12036.605685 seconds.
  path: Assets/Materials 1
  artifactKey: Guid(b436d5432a3ea974b906a477410973be) Importer(815301076,1909f56bfc062723c751e8b465ee728b)
Start importing Assets/Materials 1 using Guid(b436d5432a3ea974b906a477410973be) Importer(815301076,1909f56bfc062723c751e8b465ee728b)  -> (artifact id: '838550830d0004a18c17015c8c0893e7') in 0.014373 seconds 
========================================================================
Received Import Request.
  Time since last request: 9.078439 seconds.
  path: Assets/Prefabs 1
  artifactKey: Guid(2e834f797cd5d3e4592af8102f6f52dd) Importer(815301076,1909f56bfc062723c751e8b465ee728b)
Start importing Assets/Prefabs 1 using Guid(2e834f797cd5d3e4592af8102f6f52dd) Importer(815301076,1909f56bfc062723c751e8b465ee728b)  -> (artifact id: 'bd39c84f8aec8da56d278bd1fda01fda') in 0.007997 seconds 
========================================================================
Received Import Request.
  Time since last request: 2.263016 seconds.
  path: Assets/Meshes
  artifactKey: Guid(d9a448a62d4b12742ae346bbc09bd32f) Importer(815301076,1909f56bfc062723c751e8b465ee728b)
Start importing Assets/Meshes using Guid(d9a448a62d4b12742ae346bbc09bd32f) Importer(815301076,1909f56bfc062723c751e8b465ee728b)  -> (artifact id: 'd277e78b6e50dca526302cf10b84c272') in 0.005637 seconds 
========================================================================
Received Import Request.
  Time since last request: 13.294535 seconds.
  path: Assets/Materials/Prototyp_Material_1.mat
  artifactKey: Guid(04fe41fb125a5404a9ceea021c8d3ad9) Importer(815301076,1909f56bfc062723c751e8b465ee728b)
Start importing Assets/Materials/Prototyp_Material_1.mat using Guid(04fe41fb125a5404a9ceea021c8d3ad9) Importer(815301076,1909f56bfc062723c751e8b465ee728b)  -> (artifact id: 'fb23dc5112da9e26435706f5ff315aa8') in 0.172854 seconds 
========================================================================
Received Import Request.
  Time since last request: 0.000038 seconds.
  path: Assets/Materials/Prototyp_Material_6.mat
  artifactKey: Guid(37064b9900188894ca685da564c5eb2c) Importer(815301076,1909f56bfc062723c751e8b465ee728b)
Start importing Assets/Materials/Prototyp_Material_6.mat using Guid(37064b9900188894ca685da564c5eb2c) Importer(815301076,1909f56bfc062723c751e8b465ee728b)  -> (artifact id: 'c89d47649cfe1ae87ddf4ad7f40f0d73') in 0.023878 seconds 
========================================================================
Received Import Request.
  Time since last request: 0.000041 seconds.
  path: Assets/Materials/Prototyp_Material_5.mat
  artifactKey: Guid(0a0a5848ac588e149a20cc901c7aaef0) Importer(815301076,1909f56bfc062723c751e8b465ee728b)
Start importing Assets/Materials/Prototyp_Material_5.mat using Guid(0a0a5848ac588e149a20cc901c7aaef0) Importer(815301076,1909f56bfc062723c751e8b465ee728b)  -> (artifact id: '4b1c3f2ba34360ad70d1bb1dcca68684') in 0.023550 seconds 
========================================================================
Received Import Request.
  Time since last request: 0.000019 seconds.
  path: Assets/Materials/Prototyp_Material_8.mat
  artifactKey: Guid(9d4b69ed0740bb24abf7d50930269e4b) Importer(815301076,1909f56bfc062723c751e8b465ee728b)
Start importing Assets/Materials/Prototyp_Material_8.mat using Guid(9d4b69ed0740bb24abf7d50930269e4b) Importer(815301076,1909f56bfc062723c751e8b465ee728b)  -> (artifact id: 'a13f5206fddd230422f3aa7d6a6413cb') in 0.027570 seconds 
========================================================================
Received Import Request.
  Time since last request: 0.000034 seconds.
  path: Assets/Materials/Prototyp_Material_15.mat
  artifactKey: Guid(fc853a60bb26686448d6ac3beb5ab163) Importer(815301076,1909f56bfc062723c751e8b465ee728b)
Start importing Assets/Materials/Prototyp_Material_15.mat using Guid(fc853a60bb26686448d6ac3beb5ab163) Importer(815301076,1909f56bfc062723c751e8b465ee728b)  -> (artifact id: '7debc9dfe7847a0c1bf342dee623b1a5') in 0.019592 seconds 
========================================================================
Received Import Request.
  Time since last request: 0.000030 seconds.
  path: Assets/Materials/Prototyp_Material_7.mat
  artifactKey: Guid(f42850d7098672f4d87a5ccf47bf43fe) Importer(815301076,1909f56bfc062723c751e8b465ee728b)
Start importing Assets/Materials/Prototyp_Material_7.mat using Guid(f42850d7098672f4d87a5ccf47bf43fe) Importer(815301076,1909f56bfc062723c751e8b465ee728b)  -> (artifact id: 'e3b56fbf0e63a4c60f3927f7088658b5') in 0.014753 seconds 
========================================================================
Received Import Request.
  Time since last request: 0.000031 seconds.
  path: Assets/Materials/Prototyp_Material_12.mat
  artifactKey: Guid(b5bca81e5bb76644cbca85b8b319f923) Importer(815301076,1909f56bfc062723c751e8b465ee728b)
Start importing Assets/Materials/Prototyp_Material_12.mat using Guid(b5bca81e5bb76644cbca85b8b319f923) Importer(815301076,1909f56bfc062723c751e8b465ee728b)  -> (artifact id: '84c9563e6b0f42b47b70dbe11eff7099') in 0.017678 seconds 
========================================================================
Received Import Request.
  Time since last request: 0.000029 seconds.
  path: Assets/Materials/Prototyp_Material_10.mat
  artifactKey: Guid(7a30029de703aab4da6a555ad2e86db6) Importer(815301076,1909f56bfc062723c751e8b465ee728b)
Start importing Assets/Materials/Prototyp_Material_10.mat using Guid(7a30029de703aab4da6a555ad2e86db6) Importer(815301076,1909f56bfc062723c751e8b465ee728b)  -> (artifact id: 'cfbafa1659550305e3138a5ee2dd320d') in 0.014657 seconds 
========================================================================
Received Import Request.
  Time since last request: 50.806457 seconds.
  path: Assets/Prefabs/Bridges/PTK_Bridge_Medium.prefab
  artifactKey: Guid(33b380f48a899e9489d0b324a35bd4a0) Importer(815301076,1909f56bfc062723c751e8b465ee728b)
Start importing Assets/Prefabs/Bridges/PTK_Bridge_Medium.prefab using Guid(33b380f48a899e9489d0b324a35bd4a0) Importer(815301076,1909f56bfc062723c751e8b465ee728b)  -> (artifact id: '5b4bfbc27a61e887a60d89a0aa6594e8') in 0.021519 seconds 
========================================================================
Received Import Request.
  Time since last request: 1.480454 seconds.
  path: Assets/Prefabs/Collectables/PTK_Collectable_1_green.prefab
  artifactKey: Guid(0debf05c68b3a9a44acad0e88fcf479b) Importer(815301076,1909f56bfc062723c751e8b465ee728b)
Start importing Assets/Prefabs/Collectables/PTK_Collectable_1_green.prefab using Guid(0debf05c68b3a9a44acad0e88fcf479b) Importer(815301076,1909f56bfc062723c751e8b465ee728b)  -> (artifact id: '7ab5492928ff1b8d8988836b4f36a42b') in 0.015632 seconds 
Editor requested this worker to shutdown with reason: Scaling down because of idle timeout
AssetImportWorker is now disconnected from the server
Process exiting
Exiting without the bug reporter. Application will terminate with return code 0