Using pre-set license
Built from '2021.2/staging' branch; Version is '2021.2.10f1 (ee872746220e) revision 15632167'; Using compiler version '192829333'; Build Type 'Release'
OS: 'Windows 10  (10.0.19043) 64bit Core' Language: 'ru' Physical Memory: 16163 MB
BatchMode: 1, IsHumanControllingUs: 0, StartBugReporterOnCrash: 0, Is64bit: 1, IsPro: 0

COMMAND LINE ARGUMENTS:
C:\Program Files\Unity 2021.2.10f1\Editor\Unity.exe
-adb2
-batchMode
-noUpm
-name
AssetImportWorker2
-projectPath
C:/Users/user/Documents/FPS Escape R7
-logFile
Logs/AssetImportWorker2.log
-srvPort
51479
Successfully changed project path to: C:/Users/user/Documents/FPS Escape R7
C:/Users/user/Documents/FPS Escape R7
[UnityMemory] Configuration Parameters - Can be set up in boot.config
    "memorysetup-bucket-allocator-granularity=16"
    "memorysetup-bucket-allocator-bucket-count=8"
    "memorysetup-bucket-allocator-block-size=33554432"
    "memorysetup-bucket-allocator-block-count=8"
    "memorysetup-main-allocator-block-size=16777216"
    "memorysetup-thread-allocator-block-size=16777216"
    "memorysetup-gfx-main-allocator-block-size=16777216"
    "memorysetup-gfx-thread-allocator-block-size=16777216"
    "memorysetup-cache-allocator-block-size=4194304"
    "memorysetup-typetree-allocator-block-size=2097152"
    "memorysetup-profiler-bucket-allocator-granularity=16"
    "memorysetup-profiler-bucket-allocator-bucket-count=8"
    "memorysetup-profiler-bucket-allocator-block-size=33554432"
    "memorysetup-profiler-bucket-allocator-block-count=8"
    "memorysetup-profiler-allocator-block-size=16777216"
    "memorysetup-profiler-editor-allocator-block-size=1048576"
    "memorysetup-temp-allocator-size-main=16777216"
    "memorysetup-job-temp-allocator-block-size=2097152"
    "memorysetup-job-temp-allocator-block-size-background=1048576"
    "memorysetup-job-temp-allocator-reduction-small-platforms=262144"
    "memorysetup-temp-allocator-size-background-worker=32768"
    "memorysetup-temp-allocator-size-job-worker=262144"
    "memorysetup-temp-allocator-size-preload-manager=33554432"
    "memorysetup-temp-allocator-size-nav-mesh-worker=65536"
    "memorysetup-temp-allocator-size-audio-worker=65536"
    "memorysetup-temp-allocator-size-cloud-worker=32768"
    "memorysetup-temp-allocator-size-gi-baking-worker=262144"
    "memorysetup-temp-allocator-size-gfx=262144"
Refreshing native plugins compatible for Editor in 195.47 ms, found 3 plugins.
Preloading 0 native plugins for Editor in 0.00 ms.
Initialize engine version: 2021.2.10f1 (ee872746220e)
[Subsystems] Discovering subsystems at path C:/Program Files/Unity 2021.2.10f1/Editor/Data/Resources/UnitySubsystems
[Subsystems] Discovering subsystems at path C:/Users/user/Documents/FPS Escape R7/Assets
GfxDevice: creating device client; threaded=0; jobified=0
Direct3D:
    Version:  Direct3D 11.0 [level 11.1]
    Renderer: NVIDIA GeForce MX450 (ID=0x1f97)
    Vendor:   NVIDIA
    VRAM:     1928 MB
    Driver:   27.21.14.6242
Shader 'WFX/Transparent Diffuse': fallback shader 'Particles/Alpha Blended' not found
Shader 'WFX/Transparent Specular': fallback shader 'Particles/Alpha Blended' not found
Initialize mono
Mono path[0] = 'C:/Program Files/Unity 2021.2.10f1/Editor/Data/Managed'
Mono path[1] = 'C:/Program Files/Unity 2021.2.10f1/Editor/Data/MonoBleedingEdge/lib/mono/unityjit-win32'
Mono config path = 'C:/Program Files/Unity 2021.2.10f1/Editor/Data/MonoBleedingEdge/etc'
Using monoOptions --debugger-agent=transport=dt_socket,embedding=1,server=y,suspend=n,address=127.0.0.1:56412
Begin MonoManager ReloadAssembly
Registering precompiled unity dll's ...
Register platform support module: C:/Program Files/Unity 2021.2.10f1/Editor/Data/PlaybackEngines/WindowsStandaloneSupport/UnityEditor.WindowsStandalone.Extensions.dll
Registered in 0.012580 seconds.
Native extension for WindowsStandalone target not found
Refreshing native plugins compatible for Editor in 176.35 ms, found 3 plugins.
Preloading 0 native plugins for Editor in 0.00 ms.
Mono: successfully reloaded assembly
- Completed reload, in  1.023 seconds
Domain Reload Profiling:
	ReloadAssembly (1024ms)
		BeginReloadAssembly (109ms)
			ExecutionOrderSort (0ms)
			DisableScriptedObjects (0ms)
			BackupInstance (0ms)
			ReleaseScriptingObjects (0ms)
			CreateAndSetChildDomain (1ms)
		EndReloadAssembly (796ms)
			LoadAssemblies (107ms)
			RebuildTransferFunctionScriptingTraits (0ms)
			SetupTypeCache (167ms)
			ReleaseScriptCaches (0ms)
			RebuildScriptCaches (36ms)
			SetupLoadedEditorAssemblies (503ms)
				LogAssemblyErrors (0ms)
				InitializePlatformSupportModulesInManaged (20ms)
				SetLoadedEditorAssemblies (0ms)
				RefreshPlugins (176ms)
				BeforeProcessingInitializeOnLoad (2ms)
				ProcessInitializeOnLoadAttributes (224ms)
				ProcessInitializeOnLoadMethodAttributes (80ms)
				AfterProcessingInitializeOnLoad (0ms)
				EditorAssembliesLoaded (0ms)
			ExecutionOrderSort2 (0ms)
			AwakeInstancesAfterBackupRestoration (0ms)
Platform modules already initialized, skipping
Registering precompiled user dll's ...
Registered in 0.015327 seconds.
Begin MonoManager ReloadAssembly
Native extension for WindowsStandalone target not found
Refreshing native plugins compatible for Editor in 179.08 ms, found 3 plugins.
Preloading 0 native plugins for Editor in 0.00 ms.
Mono: successfully reloaded assembly
- Completed reload, in  3.021 seconds
Domain Reload Profiling:
	ReloadAssembly (3022ms)
		BeginReloadAssembly (177ms)
			ExecutionOrderSort (0ms)
			DisableScriptedObjects (8ms)
			BackupInstance (0ms)
			ReleaseScriptingObjects (2ms)
			CreateAndSetChildDomain (35ms)
		EndReloadAssembly (2677ms)
			LoadAssemblies (180ms)
			RebuildTransferFunctionScriptingTraits (0ms)
			SetupTypeCache (488ms)
			ReleaseScriptCaches (1ms)
			RebuildScriptCaches (116ms)
			SetupLoadedEditorAssemblies (1830ms)
				LogAssemblyErrors (0ms)
				InitializePlatformSupportModulesInManaged (27ms)
				SetLoadedEditorAssemblies (1ms)
				RefreshPlugins (180ms)
				BeforeProcessingInitializeOnLoad (170ms)
				ProcessInitializeOnLoadAttributes (1390ms)
				ProcessInitializeOnLoadMethodAttributes (54ms)
				AfterProcessingInitializeOnLoad (8ms)
				EditorAssembliesLoaded (0ms)
			ExecutionOrderSort2 (0ms)
			AwakeInstancesAfterBackupRestoration (7ms)
Platform modules already initialized, skipping
========================================================================
Worker process is ready to serve import requests
Shader 'WFX/Transparent Diffuse': fallback shader 'Particles/Alpha Blended' not found
Shader 'WFX/Transparent Specular': fallback shader 'Particles/Alpha Blended' not found
Launched and connected shader compiler UnityShaderCompiler.exe after 0.10 seconds
Refreshing native plugins compatible for Editor in 1.17 ms, found 3 plugins.
Preloading 0 native plugins for Editor in 0.00 ms.
Unloading 4525 Unused Serialized files (Serialized files now loaded: 0)
Unloading 68 unused Assets / (1.4 MB). Loaded Objects now: 4983.
Memory consumption went from 195.4 MB to 194.0 MB.
Total: 5.591700 ms (FindLiveObjects: 0.549500 ms CreateObjectMapping: 0.386100 ms MarkObjects: 4.055800 ms  DeleteObjects: 0.598200 ms)

AssetImportParameters requested are different than current active one (requested -> active):
  custom:video-decoder-ogg-theora: a1e56fd34408186e4bbccfd4996cb3dc -> 
  custom:container-muxer-webm: aa71ff27fc2769a1b78a27578f13a17b -> 
  custom:container-demuxer-webm: 4f35f7cbe854078d1ac9338744f61a02 -> 
  custom:video-encoder-webm-vp8: eb34c28f22e8b96e1ab97ce403110664 -> 
  custom:audio-encoder-webm-vorbis: bf7c407c2cedff20999df2af8eb42d56 -> 
  custom:framework-win-MediaFoundation: 216162199b28c13a410421893ffa2e32 -> 
  custom:container-demuxer-ogg: 62fdf1f143b41e24485cea50d1cbac27 -> 
  custom:video-decoder-webm-vp8: 9c59270c3fd7afecdb556c50c9e8de78 -> 
  custom:audio-decoder-ogg-vorbis: bf7c407c2cedff20999df2af8eb42d56 -> 
========================================================================
Received Import Request.
  Time since last request: 1262613.249563 seconds.
  path: Assets/Scripts/IngameScripts/GameMenu.cs
  artifactKey: Guid(4eddd79b3a5d4d4f87f0f62ee3309b14) Importer(815301076,1909f56bfc062723c751e8b465ee728b)
Start importing Assets/Scripts/IngameScripts/GameMenu.cs using Guid(4eddd79b3a5d4d4f87f0f62ee3309b14) Importer(815301076,1909f56bfc062723c751e8b465ee728b)  -> (artifact id: '73dde4a29191cc67d2f23e54cf80dc45') in 0.038480 seconds 
========================================================================
Received Import Request.
  Time since last request: 6.707001 seconds.
  path: Assets/Scripts/Menu/Launcher.cs
  artifactKey: Guid(7ba7c9234126ff843b1e7b7f509ee24e) Importer(815301076,1909f56bfc062723c751e8b465ee728b)
Start importing Assets/Scripts/Menu/Launcher.cs using Guid(7ba7c9234126ff843b1e7b7f509ee24e) Importer(815301076,1909f56bfc062723c751e8b465ee728b)  -> (artifact id: 'c6343c2cedd9ee06b7710c747bde2c9c') in 0.022137 seconds 
========================================================================
Received Import Request.
  Time since last request: 4.622156 seconds.
  path: Assets/Scripts/Menu/Menu.cs
  artifactKey: Guid(5c12282d4d06ae14f9357232f4b86bb8) Importer(815301076,1909f56bfc062723c751e8b465ee728b)
Start importing Assets/Scripts/Menu/Menu.cs using Guid(5c12282d4d06ae14f9357232f4b86bb8) Importer(815301076,1909f56bfc062723c751e8b465ee728b)  -> (artifact id: '5a6e0bf76892f38982d4c304c1df855e') in 0.021202 seconds 
========================================================================
Received Import Request.
  Time since last request: 0.665815 seconds.
  path: Assets/Scripts/Menu/MenuManager.cs
  artifactKey: Guid(8223ae7d572bac447852ba3bdab37d51) Importer(815301076,1909f56bfc062723c751e8b465ee728b)
Start importing Assets/Scripts/Menu/MenuManager.cs using Guid(8223ae7d572bac447852ba3bdab37d51) Importer(815301076,1909f56bfc062723c751e8b465ee728b)  -> (artifact id: 'e835c70033f025dbcab7e106e4667dd9') in 0.023612 seconds 
========================================================================
Received Import Request.
  Time since last request: 12.825741 seconds.
  path: Assets/Scripts/Movement/PlayerManager.cs
  artifactKey: Guid(25c91dcd462ae1642a3b73edb2a1215e) Importer(815301076,1909f56bfc062723c751e8b465ee728b)
Start importing Assets/Scripts/Movement/PlayerManager.cs using Guid(25c91dcd462ae1642a3b73edb2a1215e) Importer(815301076,1909f56bfc062723c751e8b465ee728b)  -> (artifact id: 'cb06cd50f12497e58805e94614ffe96a') in 0.022886 seconds 
========================================================================
Received Import Request.
  Time since last request: 0.862359 seconds.
  path: Assets/Scripts/Movement/PlayerGroundedCheck.cs
  artifactKey: Guid(8b0dca5f8ef94144bec81c0bc96cdaca) Importer(815301076,1909f56bfc062723c751e8b465ee728b)
Start importing Assets/Scripts/Movement/PlayerGroundedCheck.cs using Guid(8b0dca5f8ef94144bec81c0bc96cdaca) Importer(815301076,1909f56bfc062723c751e8b465ee728b)  -> (artifact id: '07b091b6861b7d3fbe10eedf2dd39d01') in 0.023260 seconds 
========================================================================
Received Import Request.
  Time since last request: 0.920455 seconds.
  path: Assets/Scripts/Movement/PlayerController.cs
  artifactKey: Guid(bbb13767c61992b41959d9d5e0dbd887) Importer(815301076,1909f56bfc062723c751e8b465ee728b)
Start importing Assets/Scripts/Movement/PlayerController.cs using Guid(bbb13767c61992b41959d9d5e0dbd887) Importer(815301076,1909f56bfc062723c751e8b465ee728b)  -> (artifact id: 'dd5887c5775baba49c4b277649892ec8') in 0.023106 seconds 
========================================================================
Received Import Request.
  Time since last request: 24.199293 seconds.
  path: Assets/Scripts/NewNetCode/RoomManager.cs
  artifactKey: Guid(2b6222c84a898ca4498d59bc8d796caa) Importer(815301076,1909f56bfc062723c751e8b465ee728b)
Start importing Assets/Scripts/NewNetCode/RoomManager.cs using Guid(2b6222c84a898ca4498d59bc8d796caa) Importer(815301076,1909f56bfc062723c751e8b465ee728b)  -> (artifact id: '56de93253ea219405557637912fb9edd') in 0.007460 seconds 
