Using pre-set license
Built from '2021.2/staging' branch; Version is '2021.2.4f1 (99ba6aa4c552) revision 10074730'; Using compiler version '192829333'; Build Type 'Release'
OS: 'Windows 10 Pro; OS build 19041.1415; Version 2004; 64bit' Language: 'en' Physical Memory: 16332 MB
BatchMode: 1, IsHumanControllingUs: 0, StartBugReporterOnCrash: 0, Is64bit: 1, IsPro: 0

COMMAND LINE ARGUMENTS:
C:\Program Files\Unity\Hub\Editor\2021.2.4f1\Editor\Unity.exe
-adb2
-batchMode
-noUpm
-name
AssetImportWorker5
-projectPath
I:/Ela/GAMES/FPS Escape R7
-logFile
Logs/AssetImportWorker5.log
-srvPort
60526
Successfully changed project path to: I:/Ela/GAMES/FPS Escape R7
I:/Ela/GAMES/FPS Escape R7
[UnityMemory] Configuration Parameters - Can be set up in boot.config
    "memorysetup-bucket-allocator-granularity=16"
    "memorysetup-bucket-allocator-bucket-count=8"
    "memorysetup-bucket-allocator-block-size=33554432"
    "memorysetup-bucket-allocator-block-count=8"
    "memorysetup-main-allocator-block-size=16777216"
    "memorysetup-thread-allocator-block-size=16777216"
    "memorysetup-gfx-main-allocator-block-size=16777216"
    "memorysetup-gfx-thread-allocator-block-size=16777216"
    "memorysetup-cache-allocator-block-size=4194304"
    "memorysetup-typetree-allocator-block-size=2097152"
    "memorysetup-profiler-bucket-allocator-granularity=16"
    "memorysetup-profiler-bucket-allocator-bucket-count=8"
    "memorysetup-profiler-bucket-allocator-block-size=33554432"
    "memorysetup-profiler-bucket-allocator-block-count=8"
    "memorysetup-profiler-allocator-block-size=16777216"
    "memorysetup-profiler-editor-allocator-block-size=1048576"
    "memorysetup-temp-allocator-size-main=16777216"
    "memorysetup-job-temp-allocator-block-size=2097152"
    "memorysetup-job-temp-allocator-block-size-background=1048576"
    "memorysetup-job-temp-allocator-reduction-small-platforms=262144"
    "memorysetup-temp-allocator-size-background-worker=32768"
    "memorysetup-temp-allocator-size-job-worker=262144"
    "memorysetup-temp-allocator-size-preload-manager=33554432"
    "memorysetup-temp-allocator-size-nav-mesh-worker=65536"
    "memorysetup-temp-allocator-size-audio-worker=65536"
    "memorysetup-temp-allocator-size-cloud-worker=32768"
    "memorysetup-temp-allocator-size-gi-baking-worker=262144"
    "memorysetup-temp-allocator-size-gfx=262144"
Refreshing native plugins compatible for Editor in 107.57 ms, found 3 plugins.
Preloading 0 native plugins for Editor in 0.00 ms.
Initialize engine version: 2021.2.4f1 (99ba6aa4c552)
[Subsystems] Discovering subsystems at path C:/Program Files/Unity/Hub/Editor/2021.2.4f1/Editor/Data/Resources/UnitySubsystems
[Subsystems] Discovering subsystems at path I:/Ela/GAMES/FPS Escape R7/Assets
GfxDevice: creating device client; threaded=0; jobified=0
Direct3D:
    Version:  Direct3D 11.0 [level 11.1]
    Renderer: NVIDIA GeForce GTX 980 (ID=0x13c0)
    Vendor:   NVIDIA
    VRAM:     4053 MB
    Driver:   30.0.14.7168
Initialize mono
Mono path[0] = 'C:/Program Files/Unity/Hub/Editor/2021.2.4f1/Editor/Data/Managed'
Mono path[1] = 'C:/Program Files/Unity/Hub/Editor/2021.2.4f1/Editor/Data/MonoBleedingEdge/lib/mono/unityjit-win32'
Mono config path = 'C:/Program Files/Unity/Hub/Editor/2021.2.4f1/Editor/Data/MonoBleedingEdge/etc'
Using monoOptions --debugger-agent=transport=dt_socket,embedding=1,server=y,suspend=n,address=127.0.0.1:56608
Begin MonoManager ReloadAssembly
Registering precompiled unity dll's ...
Register platform support module: C:/Program Files/Unity/Hub/Editor/2021.2.4f1/Editor/Data/PlaybackEngines/MacStandaloneSupport/UnityEditor.OSXStandalone.Extensions.dll
Register platform support module: C:/Program Files/Unity/Hub/Editor/2021.2.4f1/Editor/Data/PlaybackEngines/WindowsStandaloneSupport/UnityEditor.WindowsStandalone.Extensions.dll
Registered in 0.011805 seconds.
Native extension for WindowsStandalone target not found
Native extension for OSXStandalone target not found
Refreshing native plugins compatible for Editor in 92.79 ms, found 3 plugins.
Preloading 0 native plugins for Editor in 0.00 ms.
Mono: successfully reloaded assembly
- Completed reload, in  0.785 seconds
Domain Reload Profiling:
	ReloadAssembly (785ms)
		BeginReloadAssembly (100ms)
			ExecutionOrderSort (0ms)
			DisableScriptedObjects (0ms)
			BackupInstance (0ms)
			ReleaseScriptingObjects (0ms)
			CreateAndSetChildDomain (1ms)
		EndReloadAssembly (572ms)
			LoadAssemblies (96ms)
			RebuildTransferFunctionScriptingTraits (0ms)
			SetupTypeCache (128ms)
			ReleaseScriptCaches (0ms)
			RebuildScriptCaches (36ms)
			SetupLoadedEditorAssemblies (338ms)
				LogAssemblyErrors (0ms)
				InitializePlatformSupportModulesInManaged (25ms)
				SetLoadedEditorAssemblies (0ms)
				RefreshPlugins (93ms)
				BeforeProcessingInitializeOnLoad (2ms)
				ProcessInitializeOnLoadAttributes (160ms)
				ProcessInitializeOnLoadMethodAttributes (58ms)
				AfterProcessingInitializeOnLoad (0ms)
				EditorAssembliesLoaded (0ms)
			ExecutionOrderSort2 (0ms)
			AwakeInstancesAfterBackupRestoration (0ms)
Platform modules already initialized, skipping
Registering precompiled user dll's ...
Registered in 0.005360 seconds.
Begin MonoManager ReloadAssembly
Symbol file LoadedFromMemory doesn't match image I:\Ela\GAMES\FPS Escape R7\Library\PackageCache\com.unity.visualscripting@1.7.5\Editor\VisualScripting.Core\Dependencies\YamlDotNet\Unity.VisualScripting.YamlDotNet.dll
Symbol file LoadedFromMemory doesn't match image I:\Ela\GAMES\FPS Escape R7\Library\PackageCache\com.unity.visualscripting@1.7.5\Editor\VisualScripting.Core\Dependencies\DotNetZip\Unity.VisualScripting.IonicZip.dll
Native extension for WindowsStandalone target not found
Native extension for OSXStandalone target not found
Refreshing native plugins compatible for Editor in 0.74 ms, found 3 plugins.
Preloading 0 native plugins for Editor in 0.00 ms.
[ScriptCompilation] NOT recompiling all scripts because this is an import worker process. Reason to compile was: Define symbols changed
Package Manager log level set to [2]
[Package Manager] Server::Start -- Port 63700 was selected
[Package Manager] Cannot connect to Unity Package Manager local server
System.Reflection.TargetInvocationException: Exception has been thrown by the target of an invocation. ---> System.NullReferenceException: Object reference not set to an instance of an object
  at StarterAssets.PackageChecker.CheckPackage () [0x001ba] in I:\Ela\GAMES\FPS Escape R7\Assets\StarterAssets\Editor\PackageChecker\PackageChecker.cs:105 
  at (wrapper managed-to-native) System.Reflection.RuntimeMethodInfo.InternalInvoke(System.Reflection.RuntimeMethodInfo,object,object[],System.Exception&)
  at System.Reflection.RuntimeMethodInfo.Invoke (System.Object obj, System.Reflection.BindingFlags invokeAttr, System.Reflection.Binder binder, System.Object[] parameters, System.Globalization.CultureInfo culture) [0x0006a] in <00c558282d074245ab3496e2d108079b>:0 
   --- End of inner exception stack trace ---
  at System.Reflection.RuntimeMethodInfo.Invoke (System.Object obj, System.Reflection.BindingFlags invokeAttr, System.Reflection.Binder binder, System.Object[] parameters, System.Globalization.CultureInfo culture) [0x00083] in <00c558282d074245ab3496e2d108079b>:0 
  at System.Reflection.MethodBase.Invoke (System.Object obj, System.Object[] parameters) [0x00000] in <00c558282d074245ab3496e2d108079b>:0 
  at UnityEditor.EditorAssemblies.ProcessInitializeOnLoadMethodAttributes () [0x000a5] in <948074e677924ec29383d02747cdda34>:0 
UnityEngine.StackTraceUtility:ExtractStackTrace ()
UnityEngine.DebugLogHandler:LogFormat (UnityEngine.LogType,UnityEngine.Object,string,object[])
UnityEngine.Logger:Log (UnityEngine.LogType,object)
UnityEngine.Debug:LogError (object)
UnityEditor.EditorAssemblies:ProcessInitializeOnLoadMethodAttributes ()

Mono: successfully reloaded assembly
- Completed reload, in  4.749 seconds
Domain Reload Profiling:
	ReloadAssembly (4750ms)
		BeginReloadAssembly (239ms)
			ExecutionOrderSort (0ms)
			DisableScriptedObjects (7ms)
			BackupInstance (0ms)
			ReleaseScriptingObjects (0ms)
			CreateAndSetChildDomain (25ms)
		EndReloadAssembly (4380ms)
			LoadAssemblies (106ms)
			RebuildTransferFunctionScriptingTraits (0ms)
			SetupTypeCache (349ms)
			ReleaseScriptCaches (1ms)
			RebuildScriptCaches (60ms)
			SetupLoadedEditorAssemblies (3751ms)
				LogAssemblyErrors (0ms)
				InitializePlatformSupportModulesInManaged (19ms)
				SetLoadedEditorAssemblies (1ms)
				RefreshPlugins (1ms)
				BeforeProcessingInitializeOnLoad (114ms)
				ProcessInitializeOnLoadAttributes (296ms)
				ProcessInitializeOnLoadMethodAttributes (3307ms)
				AfterProcessingInitializeOnLoad (13ms)
				EditorAssembliesLoaded (0ms)
			ExecutionOrderSort2 (0ms)
			AwakeInstancesAfterBackupRestoration (7ms)
Platform modules already initialized, skipping
========================================================================
Worker process is ready to serve import requests
Launched and connected shader compiler UnityShaderCompiler.exe after 0.09 seconds
Refreshing native plugins compatible for Editor in 1.29 ms, found 3 plugins.
Preloading 0 native plugins for Editor in 0.00 ms.
Unloading 3227 Unused Serialized files (Serialized files now loaded: 0)
Unloading 26 unused Assets / (111.9 KB). Loaded Objects now: 3684.
Memory consumption went from 116.6 MB to 116.5 MB.
Total: 4.369600 ms (FindLiveObjects: 0.334500 ms CreateObjectMapping: 0.089700 ms MarkObjects: 3.746100 ms  DeleteObjects: 0.197000 ms)

AssetImportParameters requested are different than current active one (requested -> active):
  custom:video-decoder-ogg-theora: a1e56fd34408186e4bbccfd4996cb3dc -> 
  custom:container-muxer-webm: aa71ff27fc2769a1b78a27578f13a17b -> 
  custom:container-demuxer-webm: 4f35f7cbe854078d1ac9338744f61a02 -> 
  custom:video-encoder-webm-vp8: eb34c28f22e8b96e1ab97ce403110664 -> 
  custom:audio-encoder-webm-vorbis: bf7c407c2cedff20999df2af8eb42d56 -> 
  custom:framework-win-MediaFoundation: 216162199b28c13a410421893ffa2e32 -> 
  custom:container-demuxer-ogg: 62fdf1f143b41e24485cea50d1cbac27 -> 
  custom:video-decoder-webm-vp8: 9c59270c3fd7afecdb556c50c9e8de78 -> 
  custom:audio-decoder-ogg-vorbis: bf7c407c2cedff20999df2af8eb42d56 -> 
========================================================================
Received Prepare
Registering precompiled user dll's ...
Registered in 0.006931 seconds.
Begin MonoManager ReloadAssembly
Symbol file LoadedFromMemory doesn't match image I:\Ela\GAMES\FPS Escape R7\Library\PackageCache\com.unity.visualscripting@1.7.5\Editor\VisualScripting.Core\Dependencies\YamlDotNet\Unity.VisualScripting.YamlDotNet.dll
Symbol file LoadedFromMemory doesn't match image I:\Ela\GAMES\FPS Escape R7\Library\PackageCache\com.unity.visualscripting@1.7.5\Editor\VisualScripting.Core\Dependencies\DotNetZip\Unity.VisualScripting.IonicZip.dll
Native extension for WindowsStandalone target not found
Native extension for OSXStandalone target not found
Refreshing native plugins compatible for Editor in 0.78 ms, found 3 plugins.
Preloading 0 native plugins for Editor in 0.00 ms.
Mono: successfully reloaded assembly
- Completed reload, in  1.475 seconds
Domain Reload Profiling:
	ReloadAssembly (1476ms)
		BeginReloadAssembly (201ms)
			ExecutionOrderSort (0ms)
			DisableScriptedObjects (9ms)
			BackupInstance (0ms)
			ReleaseScriptingObjects (0ms)
			CreateAndSetChildDomain (48ms)
		EndReloadAssembly (1135ms)
			LoadAssemblies (115ms)
			RebuildTransferFunctionScriptingTraits (0ms)
			SetupTypeCache (387ms)
			ReleaseScriptCaches (1ms)
			RebuildScriptCaches (61ms)
			SetupLoadedEditorAssemblies (450ms)
				LogAssemblyErrors (0ms)
				InitializePlatformSupportModulesInManaged (22ms)
				SetLoadedEditorAssemblies (1ms)
				RefreshPlugins (1ms)
				BeforeProcessingInitializeOnLoad (102ms)
				ProcessInitializeOnLoadAttributes (278ms)
				ProcessInitializeOnLoadMethodAttributes (31ms)
				AfterProcessingInitializeOnLoad (15ms)
				EditorAssembliesLoaded (0ms)
			ExecutionOrderSort2 (0ms)
			AwakeInstancesAfterBackupRestoration (9ms)
Platform modules already initialized, skipping
Refreshing native plugins compatible for Editor in 1.23 ms, found 3 plugins.
Preloading 0 native plugins for Editor in 0.00 ms.
Unloading 3206 Unused Serialized files (Serialized files now loaded: 0)
Unloading 30 unused Assets / (79.1 KB). Loaded Objects now: 3677.
Memory consumption went from 115.9 MB to 115.8 MB.
Total: 4.628100 ms (FindLiveObjects: 0.468200 ms CreateObjectMapping: 0.377200 ms MarkObjects: 3.623100 ms  DeleteObjects: 0.157000 ms)

AssetImportParameters requested are different than current active one (requested -> active):
  custom:video-decoder-ogg-theora: a1e56fd34408186e4bbccfd4996cb3dc -> 
  custom:container-muxer-webm: aa71ff27fc2769a1b78a27578f13a17b -> 
  custom:container-demuxer-webm: 4f35f7cbe854078d1ac9338744f61a02 -> 
  custom:video-encoder-webm-vp8: eb34c28f22e8b96e1ab97ce403110664 -> 
  custom:audio-encoder-webm-vorbis: bf7c407c2cedff20999df2af8eb42d56 -> 
  custom:framework-win-MediaFoundation: 216162199b28c13a410421893ffa2e32 -> 
  custom:container-demuxer-ogg: 62fdf1f143b41e24485cea50d1cbac27 -> 
  custom:video-decoder-webm-vp8: 9c59270c3fd7afecdb556c50c9e8de78 -> 
  custom:audio-decoder-ogg-vorbis: bf7c407c2cedff20999df2af8eb42d56 -> 
========================================================================
Received Import Request.
  Time since last request: 11624.853679 seconds.
  path: Assets/Modern Weapons Pack/Ak-47/Textures/Ak47 Magazine NRM.png
  artifactKey: Guid(460b287f6797a21408b76b22ef3e7bda) Importer(815301076,1909f56bfc062723c751e8b465ee728b)
Start importing Assets/Modern Weapons Pack/Ak-47/Textures/Ak47 Magazine NRM.png using Guid(460b287f6797a21408b76b22ef3e7bda) Importer(815301076,1909f56bfc062723c751e8b465ee728b)  -> (artifact id: '26ae97406374d00ae618058283e901ab') in 0.275867 seconds 
========================================================================
Received Import Request.
  Time since last request: 1023.827032 seconds.
  path: Assets/DelthorGames/MP7/Prefabs/MP7.prefab
  artifactKey: Guid(a59b0609ea2fa5f44823a30f5c7ce800) Importer(815301076,1909f56bfc062723c751e8b465ee728b)
Start importing Assets/DelthorGames/MP7/Prefabs/MP7.prefab using Guid(a59b0609ea2fa5f44823a30f5c7ce800) Importer(815301076,1909f56bfc062723c751e8b465ee728b)  -> (artifact id: 'e75dadfed87c6b16ad0ec6c9d4fa511f') in 0.139454 seconds 
========================================================================
Received Import Request.
  Time since last request: 10.367094 seconds.
  path: Assets/DelthorGames/MP7/Textures/AKMDis_Mat_AlbedoTransparency.png
  artifactKey: Guid(05694d3d0fd443d4fb8e7a3d9271a870) Importer(815301076,1909f56bfc062723c751e8b465ee728b)
Start importing Assets/DelthorGames/MP7/Textures/AKMDis_Mat_AlbedoTransparency.png using Guid(05694d3d0fd443d4fb8e7a3d9271a870) Importer(815301076,1909f56bfc062723c751e8b465ee728b)  -> (artifact id: '651b4d5866982ffe57a597de72abe089') in 0.024707 seconds 
========================================================================
Received Import Request.
  Time since last request: 0.000039 seconds.
  path: Assets/DelthorGames/MP7/Textures/AKMDis_Mat_Emission.png
  artifactKey: Guid(c3dbe8c6e34132c4b9d8d50206d19a31) Importer(815301076,1909f56bfc062723c751e8b465ee728b)
Start importing Assets/DelthorGames/MP7/Textures/AKMDis_Mat_Emission.png using Guid(c3dbe8c6e34132c4b9d8d50206d19a31) Importer(815301076,1909f56bfc062723c751e8b465ee728b)  -> (artifact id: 'bf473c26fa180ad2baf677dfaaa5fdff') in 0.018873 seconds 
========================================================================
Received Import Request.
  Time since last request: 0.000050 seconds.
  path: Assets/DelthorGames/MP7/Textures/AKMDis_Mat_AO.png
  artifactKey: Guid(13830bcfb3a8e004d93ff25bad454c8a) Importer(815301076,1909f56bfc062723c751e8b465ee728b)
Start importing Assets/DelthorGames/MP7/Textures/AKMDis_Mat_AO.png using Guid(13830bcfb3a8e004d93ff25bad454c8a) Importer(815301076,1909f56bfc062723c751e8b465ee728b)  -> (artifact id: '85dd588d9ed62bd1977dbb32d5f72274') in 0.027788 seconds 
========================================================================
Received Import Request.
  Time since last request: 0.000030 seconds.
  path: Assets/DelthorGames/MP7/Textures/MP7Dis_Material_Roughness.png
  artifactKey: Guid(ebba96e645ea51c448ddc8707b2bceb0) Importer(815301076,1909f56bfc062723c751e8b465ee728b)
Start importing Assets/DelthorGames/MP7/Textures/MP7Dis_Material_Roughness.png using Guid(ebba96e645ea51c448ddc8707b2bceb0) Importer(815301076,1909f56bfc062723c751e8b465ee728b)  -> (artifact id: '953cc56e65040ff424973d1691807fb2') in 0.024688 seconds 
========================================================================
Received Import Request.
  Time since last request: 0.000046 seconds.
  path: Assets/DelthorGames/MP7/Textures/MP7Dis_Material_NormalDirectX.png
  artifactKey: Guid(bf066f398c8409a42b36b797895ac8b6) Importer(815301076,1909f56bfc062723c751e8b465ee728b)
Start importing Assets/DelthorGames/MP7/Textures/MP7Dis_Material_NormalDirectX.png using Guid(bf066f398c8409a42b36b797895ac8b6) Importer(815301076,1909f56bfc062723c751e8b465ee728b)  -> (artifact id: 'd4b4ec79946728dcfce872ce76cfb689') in 0.021456 seconds 
========================================================================
Received Import Request.
  Time since last request: 0.000038 seconds.
  path: Assets/DelthorGames/MP7/Textures/MP7Dis_Material_Height.png
  artifactKey: Guid(9e1b6a0bbfe36d84abf7bc3631508a16) Importer(815301076,1909f56bfc062723c751e8b465ee728b)
Start importing Assets/DelthorGames/MP7/Textures/MP7Dis_Material_Height.png using Guid(9e1b6a0bbfe36d84abf7bc3631508a16) Importer(815301076,1909f56bfc062723c751e8b465ee728b)  -> (artifact id: '2fe5e268466fe38ed2f727a60b291d68') in 0.019016 seconds 
========================================================================
Received Import Request.
  Time since last request: 0.000026 seconds.
  path: Assets/DelthorGames/MP7/Textures/MP7Dis_Material_AO.png
  artifactKey: Guid(eaef7c7c0bd40254c8501a87135ad232) Importer(815301076,1909f56bfc062723c751e8b465ee728b)
Start importing Assets/DelthorGames/MP7/Textures/MP7Dis_Material_AO.png using Guid(eaef7c7c0bd40254c8501a87135ad232) Importer(815301076,1909f56bfc062723c751e8b465ee728b)  -> (artifact id: '0d6e11f5a2bb9ac355576d4c290319c1') in 0.018083 seconds 
========================================================================
Received Import Request.
  Time since last request: 0.000020 seconds.
  path: Assets/DelthorGames/MP7/Textures/MP7Dis_Material_Emission.png
  artifactKey: Guid(bfb68bdaa38a8b84a82ca22a83ad039e) Importer(815301076,1909f56bfc062723c751e8b465ee728b)
Start importing Assets/DelthorGames/MP7/Textures/MP7Dis_Material_Emission.png using Guid(bfb68bdaa38a8b84a82ca22a83ad039e) Importer(815301076,1909f56bfc062723c751e8b465ee728b)  -> (artifact id: '1cb31990ad60a2cd9b049fdbb70ef2de') in 0.018035 seconds 
Editor requested this worker to shutdown with reason: Scaling down because of idle timeout
AssetImportWorker is now disconnected from the server
Process exiting
Exiting without the bug reporter. Application will terminate with return code 0